[{"Plan":{"Node Type":"Merge Join","Parallel Aware":false,"Async Capable":false,"Join Type":"Inner","Startup Cost":0.43,"Total Cost":55.27,"Plan Rows":290,"Plan Width":1675,"Inner Unique":"?","Merge Cond":"( e.businessentityid = p.businessentityid )","Plans":[{"Node Type":"Index Scan","Parent Relationship":"Outer","Parallel Aware":false,"Async Capable":false,"Scan Direction":"Forward","Index Name":"PK_Employee_BusinessEntityID","Relation Name":"employee","Alias":"e","Startup Cost":0.15,"Total Cost":21.5,"Plan Rows":290,"Plan Width":112},{"Node Type":"Index Scan","Parent Relationship":"Inner","Parallel Aware":false,"Async Capable":false,"Scan Direction":"Forward","Index Name":"PK_Person_BusinessEntityID","Relation Name":"person","Alias":"p","Startup Cost":0.29,"Total Cost":2261.87,"Plan Rows":19972,"Plan Width":1563}]}}]