<ShowPlanXML xmlns="http://schemas.microsoft.com/sqlserver/2004/07/showplan" xmlns="http://schemas.microsoft.com/sqlserver/2004/07/showplan" Version="1.564" Build="16.0.4150.1"><BatchSequence xmlns="http://schemas.microsoft.com/sqlserver/2004/07/showplan"><Batch xmlns="http://schemas.microsoft.com/sqlserver/2004/07/showplan"><Statements xmlns="http://schemas.microsoft.com/sqlserver/2004/07/showplan"><StmtSimple xmlns="http://schemas.microsoft.com/sqlserver/2004/07/showplan" StatementText="SELECT * from table where value = ?" StatementId="1" StatementCompId="1" StatementType="SELECT" RetrievedFromCache="true" StatementSubTreeCost="0.00164412" StatementEstRows="31.6228" SecurityPolicyApplied="false" StatementOptmLevel="FULL" QueryHash="0x52B3B6CEDE6FC57A" QueryPlanHash="0x99E42039E928E3D9" StatementOptmEarlyAbortReason="GoodEnoughPlanFound" CardinalityEstimationModelVersion="160"><StatementSetOptions xmlns="http://schemas.microsoft.com/sqlserver/2004/07/showplan" QUOTED_IDENTIFIER="true" ARITHABORT="false" CONCAT_NULL_YIELDS_NULL="true" ANSI_NULLS="true" ANSI_PADDING="true" ANSI_WARNINGS="true" NUMERIC_ROUNDABORT="false"></StatementSetOptions><QueryPlan xmlns="http://schemas.microsoft.com/sqlserver/2004/07/showplan" CachedPlanSize="32" CompileTime="7" CompileCPU="7" CompileMemory="288"><MemoryGrantInfo xmlns="http://schemas.microsoft.com/sqlserver/2004/07/showplan" SerialRequiredMemory="0" SerialDesiredMemory="0" GrantedMemory="0" MaxUsedMemory="0"></MemoryGrantInfo><OptimizerHardwareDependentProperties xmlns="http://schemas.microsoft.com/sqlserver/2004/07/showplan" EstimatedAvailableMemoryGrant="162534" EstimatedPagesCached="40633" EstimatedAvailableDegreeOfParallelism="2" MaxCompileMemory="3123128"></OptimizerHardwareDependentProperties><RelOp xmlns="http://schemas.microsoft.com/sqlserver/2004/07/showplan" NodeId="0" PhysicalOp="Nested Loops" LogicalOp="Inner Join" EstimateRows="31.6228" EstimateIO="0" EstimateCPU="0.000132183" AvgRowSize="4035" EstimatedTotalSubtreeCost="0.00164412" Parallel="0" EstimateRebinds="0" EstimateRewinds="0" EstimatedExecutionMode="Row"><OutputList xmlns="http://schemas.microsoft.com/sqlserver/2004/07/showplan"><ColumnReference xmlns="http://schemas.microsoft.com/sqlserver/2004/07/showplan" Table="[DM_XE_SESSION_TARGETS]" Column="target_data"></ColumnReference></OutputList><NestedLoops xmlns="http://schemas.microsoft.com/sqlserver/2004/07/showplan" Optimized="0"><OuterReferences xmlns="http://schemas.microsoft.com/sqlserver/2004/07/showplan"><ColumnReference xmlns="http://schemas.microsoft.com/sqlserver/2004/07/showplan" Table="[DM_XE_SESSION_TARGETS]" Column="event_session_address"></ColumnReference></OuterReferences><RelOp xmlns="http://schemas.microsoft.com/sqlserver/2004/07/showplan" NodeId="1" PhysicalOp="Filter" LogicalOp="Filter" EstimateRows="31.6228" EstimateIO="0" EstimateCPU="0.00048" AvgRowSize="4041" EstimatedTotalSubtreeCost="0.00148016" Parallel="0" EstimateRebinds="0" EstimateRewinds="0" EstimatedExecutionMode="Row"><OutputList xmlns="http://schemas.microsoft.com/sqlserver/2004/07/showplan"><ColumnReference xmlns="http://schemas.microsoft.com/sqlserver/2004/07/showplan" Table="[DM_XE_SESSION_TARGETS]" Column="event_session_address"></ColumnReference><ColumnReference xmlns="http://schemas.microsoft.com/sqlserver/2004/07/showplan" Table="[DM_XE_SESSION_TARGETS]" Column="target_data"></ColumnReference></OutputList><Filter xmlns="http://schemas.microsoft.com/sqlserver/2004/07/showplan" StartupExpression="0"><RelOp xmlns="http://schemas.microsoft.com/sqlserver/2004/07/showplan" NodeId="2" PhysicalOp="Table-valued function" LogicalOp="Table-valued function" EstimateRows="1000" EstimateIO="0" EstimateCPU="0.00100016" AvgRowSize="4299" EstimatedTotalSubtreeCost="0.00100016" Parallel="0" EstimateRebinds="0" EstimateRewinds="0" EstimatedExecutionMode="Row"><OutputList xmlns="http://schemas.microsoft.com/sqlserver/2004/07/showplan"><ColumnReference xmlns="http://schemas.microsoft.com/sqlserver/2004/07/showplan" Table="[DM_XE_SESSION_TARGETS]" Column="event_session_address"></ColumnReference><ColumnReference xmlns="http://schemas.microsoft.com/sqlserver/2004/07/showplan" Table="[DM_XE_SESSION_TARGETS]" Column="target_name"></ColumnReference><ColumnReference xmlns="http://schemas.microsoft.com/sqlserver/2004/07/showplan" Table="[DM_XE_SESSION_TARGETS]" Column="target_data"></ColumnReference></OutputList><TableValuedFunction xmlns="http://schemas.microsoft.com/sqlserver/2004/07/showplan"><DefinedValues xmlns="http://schemas.microsoft.com/sqlserver/2004/07/showplan"><DefinedValue xmlns="http://schemas.microsoft.com/sqlserver/2004/07/showplan"><ColumnReference xmlns="http://schemas.microsoft.com/sqlserver/2004/07/showplan" Table="[DM_XE_SESSION_TARGETS]" Column="event_session_address"></ColumnReference></DefinedValue><DefinedValue xmlns="http://schemas.microsoft.com/sqlserver/2004/07/showplan"><ColumnReference xmlns="http://schemas.microsoft.com/sqlserver/2004/07/showplan" Table="[DM_XE_SESSION_TARGETS]" Column="target_name"></ColumnReference></DefinedValue><DefinedValue xmlns="http://schemas.microsoft.com/sqlserver/2004/07/showplan"><ColumnReference xmlns="http://schemas.microsoft.com/sqlserver/2004/07/showplan" Table="[DM_XE_SESSION_TARGETS]" Column="target_data"></ColumnReference></DefinedValue></DefinedValues><Object xmlns="http://schemas.microsoft.com/sqlserver/2004/07/showplan" Table="[DM_XE_SESSION_TARGETS]"></Object><ParameterList xmlns="http://schemas.microsoft.com/sqlserver/2004/07/showplan"><ScalarOperator xmlns="http://schemas.microsoft.com/sqlserver/2004/07/showplan" ScalarString="( ? )"><Const xmlns="http://schemas.microsoft.com/sqlserver/2004/07/showplan" ConstValue="( ? )"></Const></ScalarOperator><ScalarOperator xmlns="http://schemas.microsoft.com/sqlserver/2004/07/showplan" ScalarString="( ? )"><Const xmlns="http://schemas.microsoft.com/sqlserver/2004/07/showplan" ConstValue="( ? )"></Const></ScalarOperator><ScalarOperator xmlns="http://schemas.microsoft.com/sqlserver/2004/07/showplan" ScalarString="?"><Const xmlns="http://schemas.microsoft.com/sqlserver/2004/07/showplan" ConstValue="?"></Const></ScalarOperator></ParameterList></TableValuedFunction></RelOp><Predicate xmlns="http://schemas.microsoft.com/sqlserver/2004/07/showplan"><ScalarOperator xmlns="http://schemas.microsoft.com/sqlserver/2004/07/showplan" ScalarString="DM_XE_SESSION_TARGETS. [ target_name ] = N ?"><Compare xmlns="http://schemas.microsoft.com/sqlserver/2004/07/showplan" CompareOp="EQ"><ScalarOperator xmlns="http://schemas.microsoft.com/sqlserver/2004/07/showplan"><Identifier xmlns="http://schemas.microsoft.com/sqlserver/2004/07/showplan"><ColumnReference xmlns="http://schemas.microsoft.com/sqlserver/2004/07/showplan" Table="[DM_XE_SESSION_TARGETS]" Column="target_name"></ColumnReference></Identifier></ScalarOperator><ScalarOperator xmlns="http://schemas.microsoft.com/sqlserver/2004/07/showplan"><Const xmlns="http://schemas.microsoft.com/sqlserver/2004/07/showplan" ConstValue="N ?"></Const></ScalarOperator></Compare></ScalarOperator></Predicate></Filter></RelOp><RelOp xmlns="http://schemas.microsoft.com/sqlserver/2004/07/showplan" NodeId="3" PhysicalOp="Table-valued function" LogicalOp="Table-valued function" EstimateRows="1" EstimateIO="0" EstimateCPU="1.157e-06" AvgRowSize="9" EstimatedTotalSubtreeCost="3.17798e-05" Parallel="0" EstimateRebinds="25.9994" EstimateRewinds="4.62341" EstimatedExecutionMode="Row"><OutputList xmlns="http://schemas.microsoft.com/sqlserver/2004/07/showplan"></OutputList><TableValuedFunction xmlns="http://schemas.microsoft.com/sqlserver/2004/07/showplan"><DefinedValues xmlns="http://schemas.microsoft.com/sqlserver/2004/07/showplan"></DefinedValues><Object xmlns="http://schemas.microsoft.com/sqlserver/2004/07/showplan" Table="[DM_XE_SESSIONS]"></Object><ParameterList xmlns="http://schemas.microsoft.com/sqlserver/2004/07/showplan"><ScalarOperator xmlns="http://schemas.microsoft.com/sqlserver/2004/07/showplan" ScalarString="( ? )"><Const xmlns="http://schemas.microsoft.com/sqlserver/2004/07/showplan" ConstValue="( ? )"></Const></ScalarOperator><ScalarOperator xmlns="http://schemas.microsoft.com/sqlserver/2004/07/showplan" ScalarString="( ? )"><Const xmlns="http://schemas.microsoft.com/sqlserver/2004/07/showplan" ConstValue="( ? )"></Const></ScalarOperator><ScalarOperator xmlns="http://schemas.microsoft.com/sqlserver/2004/07/showplan" ScalarString="DM_XE_SESSION_TARGETS. [ event_session_address ]"><Identifier xmlns="http://schemas.microsoft.com/sqlserver/2004/07/showplan"><ColumnReference xmlns="http://schemas.microsoft.com/sqlserver/2004/07/showplan" Table="[DM_XE_SESSION_TARGETS]" Column="event_session_address"></ColumnReference></Identifier></ScalarOperator><ScalarOperator xmlns="http://schemas.microsoft.com/sqlserver/2004/07/showplan" ScalarString="( ? )"><Const xmlns="http://schemas.microsoft.com/sqlserver/2004/07/showplan" ConstValue="( ? )"></Const></ScalarOperator><ScalarOperator xmlns="http://schemas.microsoft.com/sqlserver/2004/07/showplan" ScalarString="N ?"><Const xmlns="http://schemas.microsoft.com/sqlserver/2004/07/showplan" ConstValue="N ?"></Const></ScalarOperator></ParameterList></TableValuedFunction></RelOp></NestedLoops></RelOp></QueryPlan></StmtSimple></Statements></Batch></BatchSequence></ShowPlanXML>
