resourceLogs:
  - resource:
      attributes: []
    scopeLogs:
      - logRecords:
          - attributes:
              - key: db.system.name
                value:
                  stringValue: postgresql
              - key: db.namespace
                value:
                  stringValue: postgres
              - key: db.query.text
                value:
                  stringValue: "select * from pg_stat_activity where id = ?"
              - key: postgresql.calls 
                value: 
                  intValue: 3
              - key: postgresql.rows 
                value:
                  intValue: 10
              - key: postgresql.shared_blks_dirtied
                value:
                  intValue: 1 
              - key: postgresql.shared_blks_hit
                value:
                  intValue: 2
              - key: postgresql.shared_blks_read
                value:
                  intValue: 3
              - key: postgresql.shared_blks_written
                value:
                  intValue: 4
              - key: postgresql.temp_blks_read
                value:
                  intValue: 5
              - key: postgresql.temp_blks_written
                value:
                  intValue: 6
              - key: postgresql.queryid 
                value: 
                  stringValue: "114514"
              - key: postgresql.rolname 
                value: 
                  stringValue: master
              - key: postgresql.total_exec_time 
                value: 
                  doubleValue: 1
              - key: postgresql.total_plan_time 
                value: 
                  doubleValue: 1
              - key: postgresql.query_plan
                value:
                  stringValue: '[{"Plan":{"Node Type":"Merge Join","Parallel Aware":false,"Async Capable":false,"Join Type":"Inner","Startup Cost":0.43,"Total Cost":55.27,"Plan Rows":290,"Plan Width":1675,"Inner Unique":"?","Merge Cond":"( e.businessentityid = p.businessentityid )","Plans":[{"Node Type":"Index Scan","Parent Relationship":"Outer","Parallel Aware":false,"Async Capable":false,"Scan Direction":"Forward","Index Name":"PK_Employee_BusinessEntityID","Relation Name":"employee","Alias":"e","Startup Cost":0.15,"Total Cost":21.5,"Plan Rows":290,"Plan Width":112},{"Node Type":"Index Scan","Parent Relationship":"Inner","Parallel Aware":false,"Async Capable":false,"Scan Direction":"Forward","Index Name":"PK_Person_BusinessEntityID","Relation Name":"person","Alias":"p","Startup Cost":0.29,"Total Cost":2261.87,"Plan Rows":19972,"Plan Width":1563}]}}]'
            body:
              stringValue: top query
        scope:
          name: github.com/open-telemetry/opentelemetry-collector-contrib/receiver/postgresqlreceiver
          version: 0.0.1