resourceLogs:
  - resource:
      attributes:
        - key: db.system.type
          value:
            stringValue: microsoft.sql_server
    scopeLogs:
      - logRecords:
          - attributes:
              - key: computer_name
                value:
                  stringValue: DESKTOP-GHAEGRD
              - key: sql_instance
                value:
                  stringValue: sqlserver
              - key: server.address
                value:
                  stringValue: 0.0.0.0
              - key: server.port
                value:
                  intValue: "1433"
              - key: sqlserver.query_hash
                value:
                  stringValue: "307833373834394538373431373145334633"
              - key: sqlserver.query_plan_hash
                value:
                  stringValue: "307844333131323930393432394131423530"
              - key: sqlserver.total_elapsed_time
                value:
                  intValue: "2"
              - key: sqlserver.total_rows
                value:
                  intValue: "1"
              - key: sqlserver.total_logical_reads
                value:
                  intValue: "2"
              - key: sqlserver.total_logical_writes
                value:
                  intValue: "3"
              - key: sqlserver.total_physical_reads
                value:
                  intValue: "4"
              - key: sqlserver.execution_count
                value:
                  intValue: "5"
              - key: sqlserver.total_worker_time
                value:
                  intValue: "2"
              - key: sqlserver.total_grant_kb
                value:
                  intValue: "3095"
              - key: db.query.text
                value:
                  stringValue: with qstats SELECT TOP ( @topNValue ) REPLACE ( @@SERVERNAME, ? ), HOST_NAME ( ), MAX ( qs.plan_handle ), qs.query_hash, qs.query_plan_hash, SUM ( qs.execution_count ), SUM ( qs.total_elapsed_time ), SUM ( qs.total_worker_time ), SUM ( qs.total_logical_reads ), SUM ( qs.total_physical_reads ), SUM ( qs.total_logical_writes ), SUM ( qs.total_rows ), SUM ( qs.total_grant_kb ) FROM sys.dm_exec_query_stats WHERE qs.last_execution_time BETWEEN DATEADD ( SECOND, @granularity, GETDATE ( ) ) AND GETDATE ( ) GROUP BY qs.query_hash, qs.query_plan_hash ) SELECT qs.*, SUBSTRING ( st.text, ( stats.statement_start_offset / ? ) + ? ( ( CASE statement_end_offset WHEN ? THEN DATALENGTH ( st.text ) ELSE stats.statement_end_offset END - stats.statement_start_offset ) / ? ) + ? ), ISNULL ( qp.query_plan, ? ) FROM qstats INNER JOIN sys.dm_exec_query_stats on qs.query_plan_handle = stats.plan_handle CROSS APPLY sys.dm_exec_query_plan ( qs.query_plan_handle ) CROSS APPLY sys.dm_exec_sql_text ( qs.query_plan_handle )
              - key: sqlserver.query_plan
                value:
                  stringValue: <ShowPlanXML xmlns="http://schemas.microsoft.com/sqlserver/2004/07/showplan" xmlns="http://schemas.microsoft.com/sqlserver/2004/07/showplan" Version="1.564" Build="16.0.4175.1"><BatchSequence xmlns="http://schemas.microsoft.com/sqlserver/2004/07/showplan"><Batch xmlns="http://schemas.microsoft.com/sqlserver/2004/07/showplan"><Statements xmlns="http://schemas.microsoft.com/sqlserver/2004/07/showplan"><StmtSimple xmlns="http://schemas.microsoft.com/sqlserver/2004/07/showplan" StatementText="DECLARE @granularity INT = ?" StatementId="1" StatementCompId="1" StatementType="ASSIGN" RetrievedFromCache="true"></StmtSimple><StmtSimple xmlns="http://schemas.microsoft.com/sqlserver/2004/07/showplan" StatementText="DECLARE @topNValue INT = ?" StatementId="2" StatementCompId="2" StatementType="ASSIGN" RetrievedFromCache="true"></StmtSimple><StmtSimple xmlns="http://schemas.microsoft.com/sqlserver/2004/07/showplan" StatementText="with qstats SELECT TOP ( @topNValue ) REPLACE ( @@SERVERNAME, ? ), HOST_NAME ( ), MAX ( qs.plan_handle ), qs.query_hash, qs.query_plan_hash, SUM ( qs.execution_count ), SUM ( qs.total_elapsed_time ), SUM ( qs.total_worker_time ), SUM ( qs.total_logical_reads ), SUM ( qs.total_physical_reads ), SUM ( qs.total_logical_writes ), SUM ( qs.total_rows ), SUM ( qs.total_grant_kb ) FROM sys.dm_exec_query_stats WHERE qs.last_execution_time BETWEEN DATEADD ( SECOND, @granularity, GETDATE ( ) ) AND GETDATE ( ) GROUP BY qs.query_hash, qs.query_plan_hash ) SELECT qs.*, SUBSTRING ( st.text, ( stats.statement_start_offset / ? ) + ? ( ( CASE statement_end_offset WHEN ? THEN DATALENGTH ( st.text ) ELSE stats.statement_end_offset END - stats.statement_start_offset ) / ? ) + ? ), ISNULL ( qp.query_plan, ? ) FROM qstats INNER JOIN sys.dm_exec_query_stats on qs.query_plan_handle = stats.plan_handle CROSS APPLY sys.dm_exec_query_plan ( qs.query_plan_handle ) CROSS APPLY sys.dm_exec_sql_text ( qs.query_plan_handle )" StatementId="3" StatementCompId="3" StatementType="SELECT" RetrievedFromCache="true" StatementSubTreeCost="0.0192103" StatementEstRows="35.1579" SecurityPolicyApplied="false" StatementOptmLevel="FULL" QueryHash="0x37849E874171E3F3" QueryPlanHash="0xD3112909429A1B50" StatementOptmEarlyAbortReason="GoodEnoughPlanFound" CardinalityEstimationModelVersion="160"><StatementSetOptions xmlns="http://schemas.microsoft.com/sqlserver/2004/07/showplan" QUOTED_IDENTIFIER="true" ARITHABORT="false" CONCAT_NULL_YIELDS_NULL="true" ANSI_NULLS="true" ANSI_PADDING="true" ANSI_WARNINGS="true" NUMERIC_ROUNDABORT="false"></StatementSetOptions><QueryPlan xmlns="http://schemas.microsoft.com/sqlserver/2004/07/showplan" NonParallelPlanReason="CouldNotGenerateValidParallelPlan" CachedPlanSize="104" CompileTime="9" CompileCPU="9" CompileMemory="2256"><MemoryGrantInfo xmlns="http://schemas.microsoft.com/sqlserver/2004/07/showplan" SerialRequiredMemory="512" SerialDesiredMemory="608" GrantedMemory="0" MaxUsedMemory="0"></MemoryGrantInfo><OptimizerHardwareDependentProperties xmlns="http://schemas.microsoft.com/sqlserver/2004/07/showplan" EstimatedAvailableMemoryGrant="273851" EstimatedPagesCached="205388" EstimatedAvailableDegreeOfParallelism="6" MaxCompileMemory="22767368"></OptimizerHardwareDependentProperties><RelOp xmlns="http://schemas.microsoft.com/sqlserver/2004/07/showplan" NodeId="0" PhysicalOp="Compute Scalar" LogicalOp="Compute Scalar" EstimateRows="35.1579" EstimateIO="0" EstimateCPU="3.51579e-06" AvgRowSize="12308" EstimatedTotalSubtreeCost="0.0192103" Parallel="0" EstimateRebinds="0" EstimateRewinds="0" EstimatedExecutionMode="Row"><OutputList xmlns="http://schemas.microsoft.com/sqlserver/2004/07/showplan"><ColumnReference xmlns="http://schemas.microsoft.com/sqlserver/2004/07/showplan" Column="Union1105"></ColumnReference><ColumnReference xmlns="http://schemas.microsoft.com/sqlserver/2004/07/showplan" Column="Union1106"></ColumnReference><ColumnReference xmlns="http://schemas.microsoft.com/sqlserver/2004/07/showplan" Column="Expr1161"></ColumnReference><ColumnReference xmlns="http://schemas.microsoft.com/sqlserver/2004/07/showplan" Column="Expr1162"></ColumnReference><ColumnReference xmlns="http://schemas.microsoft.com/sqlserver/2004/07/showplan" Column="Expr1163"></ColumnReference><ColumnReference xmlns="http://schemas.microsoft.com/sqlserver/2004/07/showplan" Column="Expr1164"></ColumnReference><ColumnReference xmlns="http://schemas.microsoft.com/sqlserver/2004/07/showplan" Column="Expr1165"></ColumnReference><ColumnReference xmlns="http://schemas.microsoft.com/sqlserver/2004/07/showplan" Column="Expr1166"></ColumnReference><ColumnReference xmlns="http://schemas.microsoft.com/sqlserver/2004/07/showplan" Column="Expr1167"></ColumnReference><ColumnReference xmlns="http://schemas.microsoft.com/sqlserver/2004/07/showplan" Column="Expr1168"></ColumnReference><ColumnReference xmlns="http://schemas.microsoft.com/sqlserver/2004/07/showplan" Column="Expr1169"></ColumnReference><ColumnReference xmlns="http://schemas.microsoft.com/sqlserver/2004/07/showplan" Column="Expr1170"></ColumnReference><ColumnReference xmlns="http://schemas.microsoft.com/sqlserver/2004/07/showplan" Column="Expr1171"></ColumnReference><ColumnReference xmlns="http://schemas.microsoft.com/sqlserver/2004/07/showplan" Column="Expr1333"></ColumnReference><ColumnReference xmlns="http://schemas.microsoft.com/sqlserver/2004/07/showplan" Column="Expr1334"></ColumnReference></OutputList><ComputeScalar xmlns="http://schemas.microsoft.com/sqlserver/2004/07/showplan"><DefinedValues xmlns="http://schemas.microsoft.com/sqlserver/2004/07/showplan"><DefinedValue xmlns="http://schemas.microsoft.com/sqlserver/2004/07/showplan"><ColumnReference xmlns="http://schemas.microsoft.com/sqlserver/2004/07/showplan" Column="Expr1170"></ColumnReference><ScalarOperator xmlns="http://schemas.microsoft.com/sqlserver/2004/07/showplan" ScalarString="replace ( @@servername, N ? N ? )"><Identifier xmlns="http://schemas.microsoft.com/sqlserver/2004/07/showplan"><ColumnReference xmlns="http://schemas.microsoft.com/sqlserver/2004/07/showplan" Column="ConstExpr1337"><ScalarOperator xmlns="http://schemas.microsoft.com/sqlserver/2004/07/showplan"><Intrinsic xmlns="http://schemas.microsoft.com/sqlserver/2004/07/showplan" FunctionName="replace"><ScalarOperator xmlns="http://schemas.microsoft.com/sqlserver/2004/07/showplan"><Intrinsic xmlns="http://schemas.microsoft.com/sqlserver/2004/07/showplan" FunctionName="@@servername"></Intrinsic></ScalarOperator><ScalarOperator xmlns="http://schemas.microsoft.com/sqlserver/2004/07/showplan"><Const xmlns="http://schemas.microsoft.com/sqlserver/2004/07/showplan" ConstValue="N ?"></Const></ScalarOperator><ScalarOperator xmlns="http://schemas.microsoft.com/sqlserver/2004/07/showplan"><Const xmlns="http://schemas.microsoft.com/sqlserver/2004/07/showplan" ConstValue="N ?"></Const></ScalarOperator></Intrinsic></ScalarOperator></ColumnReference></Identifier></ScalarOperator></DefinedValue><DefinedValue xmlns="http://schemas.microsoft.com/sqlserver/2004/07/showplan"><ColumnReference xmlns="http://schemas.microsoft.com/sqlserver/2004/07/showplan" Column="Expr1171"></ColumnReference><ScalarOperator xmlns="http://schemas.microsoft.com/sqlserver/2004/07/showplan" ScalarString="host_name ( )"><Identifier xmlns="http://schemas.microsoft.com/sqlserver/2004/07/showplan"><ColumnReference xmlns="http://schemas.microsoft.com/sqlserver/2004/07/showplan" Column="ConstExpr1338"><ScalarOperator xmlns="http://schemas.microsoft.com/sqlserver/2004/07/showplan"><Intrinsic xmlns="http://schemas.microsoft.com/sqlserver/2004/07/showplan" FunctionName="host_name"></Intrinsic></ScalarOperator></ColumnReference></Identifier></ScalarOperator></DefinedValue><DefinedValue xmlns="http://schemas.microsoft.com/sqlserver/2004/07/showplan"><ColumnReference xmlns="http://schemas.microsoft.com/sqlserver/2004/07/showplan" Column="Expr1333"></ColumnReference><ScalarOperator xmlns="http://schemas.microsoft.com/sqlserver/2004/07/showplan" ScalarString="substring ( FNGETSQL. [ text ], CONVERT_IMPLICIT ( bigint, [ Union1246 ] / ( ? ) + ( ? ) ) ( CASE WHEN [ Union1247 ] = ( ? ) THEN datalength ( FNGETSQL. [ text ] ) ELSE CONVERT_IMPLICIT ( bigint, [ Union1247 ], ? ) END - CONVERT_IMPLICIT ( bigint, [ Union1246 ], ? ) ) / ( ? ) + ( ? ) )"><Intrinsic xmlns="http://schemas.microsoft.com/sqlserver/2004/07/showplan" FunctionName="substring"><ScalarOperator xmlns="http://schemas.microsoft.com/sqlserver/2004/07/showplan"><Identifier xmlns="http://schemas.microsoft.com/sqlserver/2004/07/showplan"><ColumnReference xmlns="http://schemas.microsoft.com/sqlserver/2004/07/showplan" Table="[FNGETSQL]" Column="text"></ColumnReference></Identifier></ScalarOperator><ScalarOperator xmlns="http://schemas.microsoft.com/sqlserver/2004/07/showplan"><Convert xmlns="http://schemas.microsoft.com/sqlserver/2004/07/showplan" DataType="bigint" Style="0" Implicit="1"><ScalarOperator xmlns="http://schemas.microsoft.com/sqlserver/2004/07/showplan"><Arithmetic xmlns="http://schemas.microsoft.com/sqlserver/2004/07/showplan" Operation="ADD"><ScalarOperator xmlns="http://schemas.microsoft.com/sqlserver/2004/07/showplan"><Arithmetic xmlns="http://schemas.microsoft.com/sqlserver/2004/07/showplan" Operation="DIV"><ScalarOperator xmlns="http://schemas.microsoft.com/sqlserver/2004/07/showplan"><Identifier xmlns="http://schemas.microsoft.com/sqlserver/2004/07/showplan"><ColumnReference xmlns="http://schemas.microsoft.com/sqlserver/2004/07/showplan" Column="Union1246"></ColumnReference></Identifier></ScalarOperator><ScalarOperator xmlns="http://schemas.microsoft.com/sqlserver/2004/07/showplan"><Const xmlns="http://schemas.microsoft.com/sqlserver/2004/07/showplan" ConstValue="( ? )"></Const></ScalarOperator></Arithmetic></ScalarOperator><ScalarOperator xmlns="http://schemas.microsoft.com/sqlserver/2004/07/showplan"><Const xmlns="http://schemas.microsoft.com/sqlserver/2004/07/showplan" ConstValue="( ? )"></Const></ScalarOperator></Arithmetic></ScalarOperator></Convert></ScalarOperator><ScalarOperator xmlns="http://schemas.microsoft.com/sqlserver/2004/07/showplan"><Arithmetic xmlns="http://schemas.microsoft.com/sqlserver/2004/07/showplan" Operation="ADD"><ScalarOperator xmlns="http://schemas.microsoft.com/sqlserver/2004/07/showplan"><Arithmetic xmlns="http://schemas.microsoft.com/sqlserver/2004/07/showplan" Operation="DIV"><ScalarOperator xmlns="http://schemas.microsoft.com/sqlserver/2004/07/showplan"><Arithmetic xmlns="http://schemas.microsoft.com/sqlserver/2004/07/showplan" Operation="SUB"><ScalarOperator xmlns="http://schemas.microsoft.com/sqlserver/2004/07/showplan"><IF xmlns="http://schemas.microsoft.com/sqlserver/2004/07/showplan"><Condition xmlns="http://schemas.microsoft.com/sqlserver/2004/07/showplan"><ScalarOperator xmlns="http://schemas.microsoft.com/sqlserver/2004/07/showplan"><Compare xmlns="http://schemas.microsoft.com/sqlserver/2004/07/showplan" CompareOp="EQ"><ScalarOperator xmlns="http://schemas.microsoft.com/sqlserver/2004/07/showplan"><Identifier xmlns="http://schemas.microsoft.com/sqlserver/2004/07/showplan"><ColumnReference xmlns="http://schemas.microsoft.com/sqlserver/2004/07/showplan" Column="Union1247"></ColumnReference></Identifier></ScalarOperator><ScalarOperator xmlns="http://schemas.microsoft.com/sqlserver/2004/07/showplan"><Const xmlns="http://schemas.microsoft.com/sqlserver/2004/07/showplan" ConstValue="( ? )"></Const></ScalarOperator></Compare></ScalarOperator></Condition><Then xmlns="http://schemas.microsoft.com/sqlserver/2004/07/showplan"><ScalarOperator xmlns="http://schemas.microsoft.com/sqlserver/2004/07/showplan"><Intrinsic xmlns="http://schemas.microsoft.com/sqlserver/2004/07/showplan" FunctionName="datalength"><ScalarOperator xmlns="http://schemas.microsoft.com/sqlserver/2004/07/showplan"><Identifier xmlns="http://schemas.microsoft.com/sqlserver/2004/07/showplan"><ColumnReference xmlns="http://schemas.microsoft.com/sqlserver/2004/07/showplan" Table="[FNGETSQL]" Column="text"></ColumnReference></Identifier></ScalarOperator></Intrinsic></ScalarOperator></Then><Else xmlns="http://schemas.microsoft.com/sqlserver/2004/07/showplan"><ScalarOperator xmlns="http://schemas.microsoft.com/sqlserver/2004/07/showplan"><Convert xmlns="http://schemas.microsoft.com/sqlserver/2004/07/showplan" DataType="bigint" Style="0" Implicit="1"><ScalarOperator xmlns="http://schemas.microsoft.com/sqlserver/2004/07/showplan"><Identifier xmlns="http://schemas.microsoft.com/sqlserver/2004/07/showplan"><ColumnReference xmlns="http://schemas.microsoft.com/sqlserver/2004/07/showplan" Column="Union1247"></ColumnReference></Identifier></ScalarOperator></Convert></ScalarOperator></Else></IF></ScalarOperator><ScalarOperator xmlns="http://schemas.microsoft.com/sqlserver/2004/07/showplan"><Convert xmlns="http://schemas.microsoft.com/sqlserver/2004/07/showplan" DataType="bigint" Style="0" Implicit="1"><ScalarOperator xmlns="http://schemas.microsoft.com/sqlserver/2004/07/showplan"><Identifier xmlns="http://schemas.microsoft.com/sqlserver/2004/07/showplan"><ColumnReference xmlns="http://schemas.microsoft.com/sqlserver/2004/07/showplan" Column="Union1246"></ColumnReference></Identifier></ScalarOperator></Convert></ScalarOperator></Arithmetic></ScalarOperator><ScalarOperator xmlns="http://schemas.microsoft.com/sqlserver/2004/07/showplan"><Const xmlns="http://schemas.microsoft.com/sqlserver/2004/07/showplan" ConstValue="( ? )"></Const></ScalarOperator></Arithmetic></ScalarOperator><ScalarOperator xmlns="http://schemas.microsoft.com/sqlserver/2004/07/showplan"><Const xmlns="http://schemas.microsoft.com/sqlserver/2004/07/showplan" ConstValue="( ? )"></Const></ScalarOperator></Arithmetic></ScalarOperator></Intrinsic></ScalarOperator></DefinedValue><DefinedValue xmlns="http://schemas.microsoft.com/sqlserver/2004/07/showplan"><ColumnReference xmlns="http://schemas.microsoft.com/sqlserver/2004/07/showplan" Column="Expr1334"></ColumnReference><ScalarOperator xmlns="http://schemas.microsoft.com/sqlserver/2004/07/showplan" ScalarString="isnull ( FNGETQUERYPLAN. [ query_plan ], CONVERT_IMPLICIT ( xml, ? ) )"><Intrinsic xmlns="http://schemas.microsoft.com/sqlserver/2004/07/showplan" FunctionName="isnull"><ScalarOperator xmlns="http://schemas.microsoft.com/sqlserver/2004/07/showplan"><Identifier xmlns="http://schemas.microsoft.com/sqlserver/2004/07/showplan"><ColumnReference xmlns="http://schemas.microsoft.com/sqlserver/2004/07/showplan" Table="[FNGETQUERYPLAN]" Column="query_plan"></ColumnReference></Identifier></ScalarOperator><ScalarOperator xmlns="http://schemas.microsoft.com/sqlserver/2004/07/showplan"><Identifier xmlns="http://schemas.microsoft.com/sqlserver/2004/07/showplan"><ColumnReference xmlns="http://schemas.microsoft.com/sqlserver/2004/07/showplan" Column="ConstExpr1340"><ScalarOperator xmlns="http://schemas.microsoft.com/sqlserver/2004/07/showplan"><Convert xmlns="http://schemas.microsoft.com/sqlserver/2004/07/showplan" DataType="xml" Style="0" Implicit="1"><ScalarOperator xmlns="http://schemas.microsoft.com/sqlserver/2004/07/showplan"><Const xmlns="http://schemas.microsoft.com/sqlserver/2004/07/showplan" ConstValue="?"></Const></ScalarOperator></Convert></ScalarOperator></ColumnReference></Identifier></ScalarOperator></Intrinsic></ScalarOperator></DefinedValue></DefinedValues><RelOp xmlns="http://schemas.microsoft.com/sqlserver/2004/07/showplan" NodeId="1" PhysicalOp="Nested Loops" LogicalOp="Inner Join" EstimateRows="35.1579" EstimateIO="0" EstimateCPU="0.000226396" AvgRowSize="8184" EstimatedTotalSubtreeCost="0.0192068" Parallel="0" EstimateRebinds="0" EstimateRewinds="0" EstimatedExecutionMode="Row"><OutputList xmlns="http://schemas.microsoft.com/sqlserver/2004/07/showplan"><ColumnReference xmlns="http://schemas.microsoft.com/sqlserver/2004/07/showplan" Column="Union1105"></ColumnReference><ColumnReference xmlns="http://schemas.microsoft.com/sqlserver/2004/07/showplan" Column="Union1106"></ColumnReference><ColumnReference xmlns="http://schemas.microsoft.com/sqlserver/2004/07/showplan" Column="Expr1161"></ColumnReference><ColumnReference xmlns="http://schemas.microsoft.com/sqlserver/2004/07/showplan" Column="Expr1162"></ColumnReference><ColumnReference xmlns="http://schemas.microsoft.com/sqlserver/2004/07/showplan" Column="Expr1163"></ColumnReference><ColumnReference xmlns="http://schemas.microsoft.com/sqlserver/2004/07/showplan" Column="Expr1164"></ColumnReference><ColumnReference xmlns="http://schemas.microsoft.com/sqlserver/2004/07/showplan" Column="Expr1165"></ColumnReference><ColumnReference xmlns="http://schemas.microsoft.com/sqlserver/2004/07/showplan" Column="Expr1166"></ColumnReference><ColumnReference xmlns="http://schemas.microsoft.com/sqlserver/2004/07/showplan" Column="Expr1167"></ColumnReference><ColumnReference xmlns="http://schemas.microsoft.com/sqlserver/2004/07/showplan" Column="Expr1168"></ColumnReference><ColumnReference xmlns="http://schemas.microsoft.com/sqlserver/2004/07/showplan" Column="Expr1169"></ColumnReference><ColumnReference xmlns="http://schemas.microsoft.com/sqlserver/2004/07/showplan" Column="Union1246"></ColumnReference><ColumnReference xmlns="http://schemas.microsoft.com/sqlserver/2004/07/showplan" Column="Union1247"></ColumnReference><ColumnReference xmlns="http://schemas.microsoft.com/sqlserver/2004/07/showplan" Table="[FNGETQUERYPLAN]" Column="query_plan"></ColumnReference><ColumnReference xmlns="http://schemas.microsoft.com/sqlserver/2004/07/showplan" Table="[FNGETSQL]" Column="text"></ColumnReference></OutputList><NestedLoops xmlns="http://schemas.microsoft.com/sqlserver/2004/07/showplan" Optimized="0"><OuterReferences xmlns="http://schemas.microsoft.com/sqlserver/2004/07/showplan"><ColumnReference xmlns="http://schemas.microsoft.com/sqlserver/2004/07/showplan" Column="Expr1161"></ColumnReference></OuterReferences><RelOp xmlns="http://schemas.microsoft.com/sqlserver/2004/07/showplan" NodeId="2" PhysicalOp="Nested Loops" LogicalOp="Inner Join" EstimateRows="1" EstimateIO="0" EstimateCPU="4.18e-06" AvgRowSize="8176" EstimatedTotalSubtreeCost="0.0174721" Parallel="0" EstimateRebinds="0" EstimateRewinds="0" EstimatedExecutionMode="Row"><OutputList xmlns="http://schemas.microsoft.com/sqlserver/2004/07/showplan"><ColumnReference xmlns="http://schemas.microsoft.com/sqlserver/2004/07/showplan" Column="Union1105"></ColumnReference><ColumnReference xmlns="http://schemas.microsoft.com/sqlserver/2004/07/showplan" Column="Union1106"></ColumnReference><ColumnReference xmlns="http://schemas.microsoft.com/sqlserver/2004/07/showplan" Column="Expr1161"></ColumnReference><ColumnReference xmlns="http://schemas.microsoft.com/sqlserver/2004/07/showplan" Column="Expr1162"></ColumnReference><ColumnReference xmlns="http://schemas.microsoft.com/sqlserver/2004/07/showplan" Column="Expr1163"></ColumnReference><ColumnReference xmlns="http://schemas.microsoft.com/sqlserver/2004/07/showplan" Column="Expr1164"></ColumnReference><ColumnReference xmlns="http://schemas.microsoft.com/sqlserver/2004/07/showplan" Column="Expr1165"></ColumnReference><ColumnReference xmlns="http://schemas.microsoft.com/sqlserver/2004/07/showplan" Column="Expr1166"></ColumnReference><ColumnReference xmlns="http://schemas.microsoft.com/sqlserver/2004/07/showplan" Column="Expr1167"></ColumnReference><ColumnReference xmlns="http://schemas.microsoft.com/sqlserver/2004/07/showplan" Column="Expr1168"></ColumnReference><ColumnReference xmlns="http://schemas.microsoft.com/sqlserver/2004/07/showplan" Column="Expr1169"></ColumnReference><ColumnReference xmlns="http://schemas.microsoft.com/sqlserver/2004/07/showplan" Table="[FNGETQUERYPLAN]" Column="query_plan"></ColumnReference><ColumnReference xmlns="http://schemas.microsoft.com/sqlserver/2004/07/showplan" Table="[FNGETSQL]" Column="text"></ColumnReference></OutputList><NestedLoops xmlns="http://schemas.microsoft.com/sqlserver/2004/07/showplan" Optimized="0"><OuterReferences xmlns="http://schemas.microsoft.com/sqlserver/2004/07/showplan"><ColumnReference xmlns="http://schemas.microsoft.com/sqlserver/2004/07/showplan" Column="Expr1161"></ColumnReference></OuterReferences><RelOp xmlns="http://schemas.microsoft.com/sqlserver/2004/07/showplan" NodeId="3" PhysicalOp="Nested Loops" LogicalOp="Inner Join" EstimateRows="1" EstimateIO="0" EstimateCPU="4.18e-06" AvgRowSize="4150" EstimatedTotalSubtreeCost="0.0174668" Parallel="0" EstimateRebinds="0" EstimateRewinds="0" EstimatedExecutionMode="Row"><OutputList xmlns="http://schemas.microsoft.com/sqlserver/2004/07/showplan"><ColumnReference xmlns="http://schemas.microsoft.com/sqlserver/2004/07/showplan" Column="Union1105"></ColumnReference><ColumnReference xmlns="http://schemas.microsoft.com/sqlserver/2004/07/showplan" Column="Union1106"></ColumnReference><ColumnReference xmlns="http://schemas.microsoft.com/sqlserver/2004/07/showplan" Column="Expr1161"></ColumnReference><ColumnReference xmlns="http://schemas.microsoft.com/sqlserver/2004/07/showplan" Column="Expr1162"></ColumnReference><ColumnReference xmlns="http://schemas.microsoft.com/sqlserver/2004/07/showplan" Column="Expr1163"></ColumnReference><ColumnReference xmlns="http://schemas.microsoft.com/sqlserver/2004/07/showplan" Column="Expr1164"></ColumnReference><ColumnReference xmlns="http://schemas.microsoft.com/sqlserver/2004/07/showplan" Column="Expr1165"></ColumnReference><ColumnReference xmlns="http://schemas.microsoft.com/sqlserver/2004/07/showplan" Column="Expr1166"></ColumnReference><ColumnReference xmlns="http://schemas.microsoft.com/sqlserver/2004/07/showplan" Column="Expr1167"></ColumnReference><ColumnReference xmlns="http://schemas.microsoft.com/sqlserver/2004/07/showplan" Column="Expr1168"></ColumnReference><ColumnReference xmlns="http://schemas.microsoft.com/sqlserver/2004/07/showplan" Column="Expr1169"></ColumnReference><ColumnReference xmlns="http://schemas.microsoft.com/sqlserver/2004/07/showplan" Table="[FNGETQUERYPLAN]" Column="query_plan"></ColumnReference></OutputList><NestedLoops xmlns="http://schemas.microsoft.com/sqlserver/2004/07/showplan" Optimized="0"><OuterReferences xmlns="http://schemas.microsoft.com/sqlserver/2004/07/showplan"><ColumnReference xmlns="http://schemas.microsoft.com/sqlserver/2004/07/showplan" Column="Expr1161"></ColumnReference></OuterReferences><RelOp xmlns="http://schemas.microsoft.com/sqlserver/2004/07/showplan" NodeId="4" PhysicalOp="Top" LogicalOp="Top" EstimateRows="1" EstimateIO="0" EstimateCPU="1e-07" AvgRowSize="124" EstimatedTotalSubtreeCost="0.0174615" Parallel="0" EstimateRebinds="0" EstimateRewinds="0" EstimatedExecutionMode="Row"><OutputList xmlns="http://schemas.microsoft.com/sqlserver/2004/07/showplan"><ColumnReference xmlns="http://schemas.microsoft.com/sqlserver/2004/07/showplan" Column="Union1105"></ColumnReference><ColumnReference xmlns="http://schemas.microsoft.com/sqlserver/2004/07/showplan" Column="Union1106"></ColumnReference><ColumnReference xmlns="http://schemas.microsoft.com/sqlserver/2004/07/showplan" Column="Expr1161"></ColumnReference><ColumnReference xmlns="http://schemas.microsoft.com/sqlserver/2004/07/showplan" Column="Expr1162"></ColumnReference><ColumnReference xmlns="http://schemas.microsoft.com/sqlserver/2004/07/showplan" Column="Expr1163"></ColumnReference><ColumnReference xmlns="http://schemas.microsoft.com/sqlserver/2004/07/showplan" Column="Expr1164"></ColumnReference><ColumnReference xmlns="http://schemas.microsoft.com/sqlserver/2004/07/showplan" Column="Expr1165"></ColumnReference><ColumnReference xmlns="http://schemas.microsoft.com/sqlserver/2004/07/showplan" Column="Expr1166"></ColumnReference><ColumnReference xmlns="http://schemas.microsoft.com/sqlserver/2004/07/showplan" Column="Expr1167"></ColumnReference><ColumnReference xmlns="http://schemas.microsoft.com/sqlserver/2004/07/showplan" Column="Expr1168"></ColumnReference><ColumnReference xmlns="http://schemas.microsoft.com/sqlserver/2004/07/showplan" Column="Expr1169"></ColumnReference></OutputList><Top xmlns="http://schemas.microsoft.com/sqlserver/2004/07/showplan" RowCount="0" IsPercent="0" WithTies="0"><TopExpression xmlns="http://schemas.microsoft.com/sqlserver/2004/07/showplan"><ScalarOperator xmlns="http://schemas.microsoft.com/sqlserver/2004/07/showplan" ScalarString="CONVERT_IMPLICIT ( bigint, [ @topNValue ], ? )"><Identifier xmlns="http://schemas.microsoft.com/sqlserver/2004/07/showplan"><ColumnReference xmlns="http://schemas.microsoft.com/sqlserver/2004/07/showplan" Column="ConstExpr1339"><ScalarOperator xmlns="http://schemas.microsoft.com/sqlserver/2004/07/showplan"><Convert xmlns="http://schemas.microsoft.com/sqlserver/2004/07/showplan" DataType="bigint" Style="0" Implicit="1"><ScalarOperator xmlns="http://schemas.microsoft.com/sqlserver/2004/07/showplan"><Identifier xmlns="http://schemas.microsoft.com/sqlserver/2004/07/showplan"><ColumnReference xmlns="http://schemas.microsoft.com/sqlserver/2004/07/showplan" Column="@topNValue"></ColumnReference></Identifier></ScalarOperator></Convert></ScalarOperator></ColumnReference></Identifier></ScalarOperator></TopExpression><RelOp xmlns="http://schemas.microsoft.com/sqlserver/2004/07/showplan" NodeId="5" PhysicalOp="Compute Scalar" LogicalOp="Compute Scalar" EstimateRows="1" EstimateIO="0" EstimateCPU="0" AvgRowSize="124" EstimatedTotalSubtreeCost="0.0174614" Parallel="0" EstimateRebinds="0" EstimateRewinds="0" EstimatedExecutionMode="Row"><OutputList xmlns="http://schemas.microsoft.com/sqlserver/2004/07/showplan"><ColumnReference xmlns="http://schemas.microsoft.com/sqlserver/2004/07/showplan" Column="Union1105"></ColumnReference><ColumnReference xmlns="http://schemas.microsoft.com/sqlserver/2004/07/showplan" Column="Union1106"></ColumnReference><ColumnReference xmlns="http://schemas.microsoft.com/sqlserver/2004/07/showplan" Column="Expr1161"></ColumnReference><ColumnReference xmlns="http://schemas.microsoft.com/sqlserver/2004/07/showplan" Column="Expr1162"></ColumnReference><ColumnReference xmlns="http://schemas.microsoft.com/sqlserver/2004/07/showplan" Column="Expr1163"></ColumnReference><ColumnReference xmlns="http://schemas.microsoft.com/sqlserver/2004/07/showplan" Column="Expr1164"></ColumnReference><ColumnReference xmlns="http://schemas.microsoft.com/sqlserver/2004/07/showplan" Column="Expr1165"></ColumnReference><ColumnReference xmlns="http://schemas.microsoft.com/sqlserver/2004/07/showplan" Column="Expr1166"></ColumnReference><ColumnReference xmlns="http://schemas.microsoft.com/sqlserver/2004/07/showplan" Column="Expr1167"></ColumnReference><ColumnReference xmlns="http://schemas.microsoft.com/sqlserver/2004/07/showplan" Column="Expr1168"></ColumnReference><ColumnReference xmlns="http://schemas.microsoft.com/sqlserver/2004/07/showplan" Column="Expr1169"></ColumnReference></OutputList><ComputeScalar xmlns="http://schemas.microsoft.com/sqlserver/2004/07/showplan"><DefinedValues xmlns="http://schemas.microsoft.com/sqlserver/2004/07/showplan"><DefinedValue xmlns="http://schemas.microsoft.com/sqlserver/2004/07/showplan"><ColumnReference xmlns="http://schemas.microsoft.com/sqlserver/2004/07/showplan" Column="Expr1168"></ColumnReference><ScalarOperator xmlns="http://schemas.microsoft.com/sqlserver/2004/07/showplan" ScalarString="CASE WHEN [ Expr1341 ] = ( ? ) THEN ? ELSE [ Expr1342 ] END"><IF xmlns="http://schemas.microsoft.com/sqlserver/2004/07/showplan"><Condition xmlns="http://schemas.microsoft.com/sqlserver/2004/07/showplan"><ScalarOperator xmlns="http://schemas.microsoft.com/sqlserver/2004/07/showplan"><Compare xmlns="http://schemas.microsoft.com/sqlserver/2004/07/showplan" CompareOp="EQ"><ScalarOperator xmlns="http://schemas.microsoft.com/sqlserver/2004/07/showplan"><Identifier xmlns="http://schemas.microsoft.com/sqlserver/2004/07/showplan"><ColumnReference xmlns="http://schemas.microsoft.com/sqlserver/2004/07/showplan" Column="Expr1341"></ColumnReference></Identifier></ScalarOperator><ScalarOperator xmlns="http://schemas.microsoft.com/sqlserver/2004/07/showplan"><Const xmlns="http://schemas.microsoft.com/sqlserver/2004/07/showplan" ConstValue="( ? )"></Const></ScalarOperator></Compare></ScalarOperator></Condition><Then xmlns="http://schemas.microsoft.com/sqlserver/2004/07/showplan"><ScalarOperator xmlns="http://schemas.microsoft.com/sqlserver/2004/07/showplan"><Const xmlns="http://schemas.microsoft.com/sqlserver/2004/07/showplan" ConstValue="?"></Const></ScalarOperator></Then><Else xmlns="http://schemas.microsoft.com/sqlserver/2004/07/showplan"><ScalarOperator xmlns="http://schemas.microsoft.com/sqlserver/2004/07/showplan"><Identifier xmlns="http://schemas.microsoft.com/sqlserver/2004/07/showplan"><ColumnReference xmlns="http://schemas.microsoft.com/sqlserver/2004/07/showplan" Column="Expr1342"></ColumnReference></Identifier></ScalarOperator></Else></IF></ScalarOperator></DefinedValue><DefinedValue xmlns="http://schemas.microsoft.com/sqlserver/2004/07/showplan"><ColumnReference xmlns="http://schemas.microsoft.com/sqlserver/2004/07/showplan" Column="Expr1169"></ColumnReference><ScalarOperator xmlns="http://schemas.microsoft.com/sqlserver/2004/07/showplan" ScalarString="CASE WHEN [ Expr1343 ] = ( ? ) THEN ? ELSE [ Expr1344 ] END"><IF xmlns="http://schemas.microsoft.com/sqlserver/2004/07/showplan"><Condition xmlns="http://schemas.microsoft.com/sqlserver/2004/07/showplan"><ScalarOperator xmlns="http://schemas.microsoft.com/sqlserver/2004/07/showplan"><Compare xmlns="http://schemas.microsoft.com/sqlserver/2004/07/showplan" CompareOp="EQ"><ScalarOperator xmlns="http://schemas.microsoft.com/sqlserver/2004/07/showplan"><Identifier xmlns="http://schemas.microsoft.com/sqlserver/2004/07/showplan"><ColumnReference xmlns="http://schemas.microsoft.com/sqlserver/2004/07/showplan" Column="Expr1343"></ColumnReference></Identifier></ScalarOperator><ScalarOperator xmlns="http://schemas.microsoft.com/sqlserver/2004/07/showplan"><Const xmlns="http://schemas.microsoft.com/sqlserver/2004/07/showplan" ConstValue="( ? )"></Const></ScalarOperator></Compare></ScalarOperator></Condition><Then xmlns="http://schemas.microsoft.com/sqlserver/2004/07/showplan"><ScalarOperator xmlns="http://schemas.microsoft.com/sqlserver/2004/07/showplan"><Const xmlns="http://schemas.microsoft.com/sqlserver/2004/07/showplan" ConstValue="?"></Const></ScalarOperator></Then><Else xmlns="http://schemas.microsoft.com/sqlserver/2004/07/showplan"><ScalarOperator xmlns="http://schemas.microsoft.com/sqlserver/2004/07/showplan"><Identifier xmlns="http://schemas.microsoft.com/sqlserver/2004/07/showplan"><ColumnReference xmlns="http://schemas.microsoft.com/sqlserver/2004/07/showplan" Column="Expr1344"></ColumnReference></Identifier></ScalarOperator></Else></IF></ScalarOperator></DefinedValue></DefinedValues><RelOp xmlns="http://schemas.microsoft.com/sqlserver/2004/07/showplan" NodeId="6" PhysicalOp="Stream Aggregate" LogicalOp="Aggregate" EstimateRows="1" EstimateIO="0" EstimateCPU="0.000149174" AvgRowSize="124" EstimatedTotalSubtreeCost="0.0174614" Parallel="0" EstimateRebinds="0" EstimateRewinds="0" EstimatedExecutionMode="Row"><OutputList xmlns="http://schemas.microsoft.com/sqlserver/2004/07/showplan"><ColumnReference xmlns="http://schemas.microsoft.com/sqlserver/2004/07/showplan" Column="Union1105"></ColumnReference><ColumnReference xmlns="http://schemas.microsoft.com/sqlserver/2004/07/showplan" Column="Union1106"></ColumnReference><ColumnReference xmlns="http://schemas.microsoft.com/sqlserver/2004/07/showplan" Column="Expr1161"></ColumnReference><ColumnReference xmlns="http://schemas.microsoft.com/sqlserver/2004/07/showplan" Column="Expr1162"></ColumnReference><ColumnReference xmlns="http://schemas.microsoft.com/sqlserver/2004/07/showplan" Column="Expr1163"></ColumnReference><ColumnReference xmlns="http://schemas.microsoft.com/sqlserver/2004/07/showplan" Column="Expr1164"></ColumnReference><ColumnReference xmlns="http://schemas.microsoft.com/sqlserver/2004/07/showplan" Column="Expr1165"></ColumnReference><ColumnReference xmlns="http://schemas.microsoft.com/sqlserver/2004/07/showplan" Column="Expr1166"></ColumnReference><ColumnReference xmlns="http://schemas.microsoft.com/sqlserver/2004/07/showplan" Column="Expr1167"></ColumnReference><ColumnReference xmlns="http://schemas.microsoft.com/sqlserver/2004/07/showplan" Column="Expr1341"></ColumnReference><ColumnReference xmlns="http://schemas.microsoft.com/sqlserver/2004/07/showplan" Column="Expr1342"></ColumnReference><ColumnReference xmlns="http://schemas.microsoft.com/sqlserver/2004/07/showplan" Column="Expr1343"></ColumnReference><ColumnReference xmlns="http://schemas.microsoft.com/sqlserver/2004/07/showplan" Column="Expr1344"></ColumnReference></OutputList><StreamAggregate xmlns="http://schemas.microsoft.com/sqlserver/2004/07/showplan"><DefinedValues xmlns="http://schemas.microsoft.com/sqlserver/2004/07/showplan"><DefinedValue xmlns="http://schemas.microsoft.com/sqlserver/2004/07/showplan"><ColumnReference xmlns="http://schemas.microsoft.com/sqlserver/2004/07/showplan" Column="Expr1161"></ColumnReference><ScalarOperator xmlns="http://schemas.microsoft.com/sqlserver/2004/07/showplan" ScalarString="MAX ( [ Union1077 ] )"><Aggregate xmlns="http://schemas.microsoft.com/sqlserver/2004/07/showplan" Distinct="0" AggType="MAX"><ScalarOperator xmlns="http://schemas.microsoft.com/sqlserver/2004/07/showplan"><Identifier xmlns="http://schemas.microsoft.com/sqlserver/2004/07/showplan"><ColumnReference xmlns="http://schemas.microsoft.com/sqlserver/2004/07/showplan" Column="Union1077"></ColumnReference></Identifier></ScalarOperator></Aggregate></ScalarOperator></DefinedValue><DefinedValue xmlns="http://schemas.microsoft.com/sqlserver/2004/07/showplan"><ColumnReference xmlns="http://schemas.microsoft.com/sqlserver/2004/07/showplan" Column="Expr1162"></ColumnReference><ScalarOperator xmlns="http://schemas.microsoft.com/sqlserver/2004/07/showplan" ScalarString="SUM ( [ Union1080 ] )"><Aggregate xmlns="http://schemas.microsoft.com/sqlserver/2004/07/showplan" Distinct="0" AggType="SUM"><ScalarOperator xmlns="http://schemas.microsoft.com/sqlserver/2004/07/showplan"><Identifier xmlns="http://schemas.microsoft.com/sqlserver/2004/07/showplan"><ColumnReference xmlns="http://schemas.microsoft.com/sqlserver/2004/07/showplan" Column="Union1080"></ColumnReference></Identifier></ScalarOperator></Aggregate></ScalarOperator></DefinedValue><DefinedValue xmlns="http://schemas.microsoft.com/sqlserver/2004/07/showplan"><ColumnReference xmlns="http://schemas.microsoft.com/sqlserver/2004/07/showplan" Column="Expr1163"></ColumnReference><ScalarOperator xmlns="http://schemas.microsoft.com/sqlserver/2004/07/showplan" ScalarString="SUM ( [ Union1101 ] )"><Aggregate xmlns="http://schemas.microsoft.com/sqlserver/2004/07/showplan" Distinct="0" AggType="SUM"><ScalarOperator xmlns="http://schemas.microsoft.com/sqlserver/2004/07/showplan"><Identifier xmlns="http://schemas.microsoft.com/sqlserver/2004/07/showplan"><ColumnReference xmlns="http://schemas.microsoft.com/sqlserver/2004/07/showplan" Column="Union1101"></ColumnReference></Identifier></ScalarOperator></Aggregate></ScalarOperator></DefinedValue><DefinedValue xmlns="http://schemas.microsoft.com/sqlserver/2004/07/showplan"><ColumnReference xmlns="http://schemas.microsoft.com/sqlserver/2004/07/showplan" Column="Expr1164"></ColumnReference><ScalarOperator xmlns="http://schemas.microsoft.com/sqlserver/2004/07/showplan" ScalarString="SUM ( [ Union1081 ] )"><Aggregate xmlns="http://schemas.microsoft.com/sqlserver/2004/07/showplan" Distinct="0" AggType="SUM"><ScalarOperator xmlns="http://schemas.microsoft.com/sqlserver/2004/07/showplan"><Identifier xmlns="http://schemas.microsoft.com/sqlserver/2004/07/showplan"><ColumnReference xmlns="http://schemas.microsoft.com/sqlserver/2004/07/showplan" Column="Union1081"></ColumnReference></Identifier></ScalarOperator></Aggregate></ScalarOperator></DefinedValue><DefinedValue xmlns="http://schemas.microsoft.com/sqlserver/2004/07/showplan"><ColumnReference xmlns="http://schemas.microsoft.com/sqlserver/2004/07/showplan" Column="Expr1165"></ColumnReference><ScalarOperator xmlns="http://schemas.microsoft.com/sqlserver/2004/07/showplan" ScalarString="SUM ( [ Union1093 ] )"><Aggregate xmlns="http://schemas.microsoft.com/sqlserver/2004/07/showplan" Distinct="0" AggType="SUM"><ScalarOperator xmlns="http://schemas.microsoft.com/sqlserver/2004/07/showplan"><Identifier xmlns="http://schemas.microsoft.com/sqlserver/2004/07/showplan"><ColumnReference xmlns="http://schemas.microsoft.com/sqlserver/2004/07/showplan" Column="Union1093"></ColumnReference></Identifier></ScalarOperator></Aggregate></ScalarOperator></DefinedValue><DefinedValue xmlns="http://schemas.microsoft.com/sqlserver/2004/07/showplan"><ColumnReference xmlns="http://schemas.microsoft.com/sqlserver/2004/07/showplan" Column="Expr1166"></ColumnReference><ScalarOperator xmlns="http://schemas.microsoft.com/sqlserver/2004/07/showplan" ScalarString="SUM ( [ Union1085 ] )"><Aggregate xmlns="http://schemas.microsoft.com/sqlserver/2004/07/showplan" Distinct="0" AggType="SUM"><ScalarOperator xmlns="http://schemas.microsoft.com/sqlserver/2004/07/showplan"><Identifier xmlns="http://schemas.microsoft.com/sqlserver/2004/07/showplan"><ColumnReference xmlns="http://schemas.microsoft.com/sqlserver/2004/07/showplan" Column="Union1085"></ColumnReference></Identifier></ScalarOperator></Aggregate></ScalarOperator></DefinedValue><DefinedValue xmlns="http://schemas.microsoft.com/sqlserver/2004/07/showplan"><ColumnReference xmlns="http://schemas.microsoft.com/sqlserver/2004/07/showplan" Column="Expr1167"></ColumnReference><ScalarOperator xmlns="http://schemas.microsoft.com/sqlserver/2004/07/showplan" ScalarString="SUM ( [ Union1089 ] )"><Aggregate xmlns="http://schemas.microsoft.com/sqlserver/2004/07/showplan" Distinct="0" AggType="SUM"><ScalarOperator xmlns="http://schemas.microsoft.com/sqlserver/2004/07/showplan"><Identifier xmlns="http://schemas.microsoft.com/sqlserver/2004/07/showplan"><ColumnReference xmlns="http://schemas.microsoft.com/sqlserver/2004/07/showplan" Column="Union1089"></ColumnReference></Identifier></ScalarOperator></Aggregate></ScalarOperator></DefinedValue><DefinedValue xmlns="http://schemas.microsoft.com/sqlserver/2004/07/showplan"><ColumnReference xmlns="http://schemas.microsoft.com/sqlserver/2004/07/showplan" Column="Expr1341"></ColumnReference><ScalarOperator xmlns="http://schemas.microsoft.com/sqlserver/2004/07/showplan" ScalarString="COUNT_BIG ( [ Union1107 ] )"><Aggregate xmlns="http://schemas.microsoft.com/sqlserver/2004/07/showplan" Distinct="0" AggType="COUNT_BIG"><ScalarOperator xmlns="http://schemas.microsoft.com/sqlserver/2004/07/showplan"><Identifier xmlns="http://schemas.microsoft.com/sqlserver/2004/07/showplan"><ColumnReference xmlns="http://schemas.microsoft.com/sqlserver/2004/07/showplan" Column="Union1107"></ColumnReference></Identifier></ScalarOperator></Aggregate></ScalarOperator></DefinedValue><DefinedValue xmlns="http://schemas.microsoft.com/sqlserver/2004/07/showplan"><ColumnReference xmlns="http://schemas.microsoft.com/sqlserver/2004/07/showplan" Column="Expr1342"></ColumnReference><ScalarOperator xmlns="http://schemas.microsoft.com/sqlserver/2004/07/showplan" ScalarString="SUM ( [ Union1107 ] )"><Aggregate xmlns="http://schemas.microsoft.com/sqlserver/2004/07/showplan" Distinct="0" AggType="SUM"><ScalarOperator xmlns="http://schemas.microsoft.com/sqlserver/2004/07/showplan"><Identifier xmlns="http://schemas.microsoft.com/sqlserver/2004/07/showplan"><ColumnReference xmlns="http://schemas.microsoft.com/sqlserver/2004/07/showplan" Column="Union1107"></ColumnReference></Identifier></ScalarOperator></Aggregate></ScalarOperator></DefinedValue><DefinedValue xmlns="http://schemas.microsoft.com/sqlserver/2004/07/showplan"><ColumnReference xmlns="http://schemas.microsoft.com/sqlserver/2004/07/showplan" Column="Expr1343"></ColumnReference><ScalarOperator xmlns="http://schemas.microsoft.com/sqlserver/2004/07/showplan" ScalarString="COUNT_BIG ( [ Union1117 ] )"><Aggregate xmlns="http://schemas.microsoft.com/sqlserver/2004/07/showplan" Distinct="0" AggType="COUNT_BIG"><ScalarOperator xmlns="http://schemas.microsoft.com/sqlserver/2004/07/showplan"><Identifier xmlns="http://schemas.microsoft.com/sqlserver/2004/07/showplan"><ColumnReference xmlns="http://schemas.microsoft.com/sqlserver/2004/07/showplan" Column="Union1117"></ColumnReference></Identifier></ScalarOperator></Aggregate></ScalarOperator></DefinedValue><DefinedValue xmlns="http://schemas.microsoft.com/sqlserver/2004/07/showplan"><ColumnReference xmlns="http://schemas.microsoft.com/sqlserver/2004/07/showplan" Column="Expr1344"></ColumnReference><ScalarOperator xmlns="http://schemas.microsoft.com/sqlserver/2004/07/showplan" ScalarString="SUM ( [ Union1117 ] )"><Aggregate xmlns="http://schemas.microsoft.com/sqlserver/2004/07/showplan" Distinct="0" AggType="SUM"><ScalarOperator xmlns="http://schemas.microsoft.com/sqlserver/2004/07/showplan"><Identifier xmlns="http://schemas.microsoft.com/sqlserver/2004/07/showplan"><ColumnReference xmlns="http://schemas.microsoft.com/sqlserver/2004/07/showplan" Column="Union1117"></ColumnReference></Identifier></ScalarOperator></Aggregate></ScalarOperator></DefinedValue></DefinedValues><GroupBy xmlns="http://schemas.microsoft.com/sqlserver/2004/07/showplan"><ColumnReference xmlns="http://schemas.microsoft.com/sqlserver/2004/07/showplan" Column="Union1106"></ColumnReference><ColumnReference xmlns="http://schemas.microsoft.com/sqlserver/2004/07/showplan" Column="Union1105"></ColumnReference></GroupBy><RelOp xmlns="http://schemas.microsoft.com/sqlserver/2004/07/showplan" NodeId="7" PhysicalOp="Sort" LogicalOp="Sort" EstimateRows="247.79" EstimateIO="0.0112613" EstimateCPU="0.00317436" AvgRowSize="124" EstimatedTotalSubtreeCost="0.0173122" Parallel="0" EstimateRebinds="0" EstimateRewinds="0" EstimatedExecutionMode="Row"><OutputList xmlns="http://schemas.microsoft.com/sqlserver/2004/07/showplan"><ColumnReference xmlns="http://schemas.microsoft.com/sqlserver/2004/07/showplan" Column="Union1077"></ColumnReference><ColumnReference xmlns="http://schemas.microsoft.com/sqlserver/2004/07/showplan" Column="Union1080"></ColumnReference><ColumnReference xmlns="http://schemas.microsoft.com/sqlserver/2004/07/showplan" Column="Union1081"></ColumnReference><ColumnReference xmlns="http://schemas.microsoft.com/sqlserver/2004/07/showplan" Column="Union1085"></ColumnReference><ColumnReference xmlns="http://schemas.microsoft.com/sqlserver/2004/07/showplan" Column="Union1089"></ColumnReference><ColumnReference xmlns="http://schemas.microsoft.com/sqlserver/2004/07/showplan" Column="Union1093"></ColumnReference><ColumnReference xmlns="http://schemas.microsoft.com/sqlserver/2004/07/showplan" Column="Union1101"></ColumnReference><ColumnReference xmlns="http://schemas.microsoft.com/sqlserver/2004/07/showplan" Column="Union1105"></ColumnReference><ColumnReference xmlns="http://schemas.microsoft.com/sqlserver/2004/07/showplan" Column="Union1106"></ColumnReference><ColumnReference xmlns="http://schemas.microsoft.com/sqlserver/2004/07/showplan" Column="Union1107"></ColumnReference><ColumnReference xmlns="http://schemas.microsoft.com/sqlserver/2004/07/showplan" Column="Union1117"></ColumnReference></OutputList><MemoryFractions xmlns="http://schemas.microsoft.com/sqlserver/2004/07/showplan" Input="1" Output="1"></MemoryFractions><Sort xmlns="http://schemas.microsoft.com/sqlserver/2004/07/showplan" Distinct="0"><OrderBy xmlns="http://schemas.microsoft.com/sqlserver/2004/07/showplan"><OrderByColumn xmlns="http://schemas.microsoft.com/sqlserver/2004/07/showplan" Ascending="1"><ColumnReference xmlns="http://schemas.microsoft.com/sqlserver/2004/07/showplan" Column="Union1106"></ColumnReference></OrderByColumn><OrderByColumn xmlns="http://schemas.microsoft.com/sqlserver/2004/07/showplan" Ascending="1"><ColumnReference xmlns="http://schemas.microsoft.com/sqlserver/2004/07/showplan" Column="Union1105"></ColumnReference></OrderByColumn></OrderBy><RelOp xmlns="http://schemas.microsoft.com/sqlserver/2004/07/showplan" NodeId="8" PhysicalOp="Concatenation" LogicalOp="Concatenation" EstimateRows="247.79" EstimateIO="0" EstimateCPU="2.4779e-05" AvgRowSize="124" EstimatedTotalSubtreeCost="0.00287656" Parallel="0" EstimateRebinds="0" EstimateRewinds="0" EstimatedExecutionMode="Row"><OutputList xmlns="http://schemas.microsoft.com/sqlserver/2004/07/showplan"><ColumnReference xmlns="http://schemas.microsoft.com/sqlserver/2004/07/showplan" Column="Union1077"></ColumnReference><ColumnReference xmlns="http://schemas.microsoft.com/sqlserver/2004/07/showplan" Column="Union1080"></ColumnReference><ColumnReference xmlns="http://schemas.microsoft.com/sqlserver/2004/07/showplan" Column="Union1081"></ColumnReference><ColumnReference xmlns="http://schemas.microsoft.com/sqlserver/2004/07/showplan" Column="Union1085"></ColumnReference><ColumnReference xmlns="http://schemas.microsoft.com/sqlserver/2004/07/showplan" Column="Union1089"></ColumnReference><ColumnReference xmlns="http://schemas.microsoft.com/sqlserver/2004/07/showplan" Column="Union1093"></ColumnReference><ColumnReference xmlns="http://schemas.microsoft.com/sqlserver/2004/07/showplan" Column="Union1101"></ColumnReference><ColumnReference xmlns="http://schemas.microsoft.com/sqlserver/2004/07/showplan" Column="Union1105"></ColumnReference><ColumnReference xmlns="http://schemas.microsoft.com/sqlserver/2004/07/showplan" Column="Union1106"></ColumnReference><ColumnReference xmlns="http://schemas.microsoft.com/sqlserver/2004/07/showplan" Column="Union1107"></ColumnReference><ColumnReference xmlns="http://schemas.microsoft.com/sqlserver/2004/07/showplan" Column="Union1117"></ColumnReference></OutputList><Concat xmlns="http://schemas.microsoft.com/sqlserver/2004/07/showplan"><DefinedValues xmlns="http://schemas.microsoft.com/sqlserver/2004/07/showplan"><DefinedValue xmlns="http://schemas.microsoft.com/sqlserver/2004/07/showplan"><ColumnReference xmlns="http://schemas.microsoft.com/sqlserver/2004/07/showplan" Column="Union1077"></ColumnReference><ColumnReference xmlns="http://schemas.microsoft.com/sqlserver/2004/07/showplan" Table="[QUERY_STATS]" Column="plan_handle"></ColumnReference><ColumnReference xmlns="http://schemas.microsoft.com/sqlserver/2004/07/showplan" Table="[XTP_STMT_STATS]" Column="plan_handle"></ColumnReference></DefinedValue><DefinedValue xmlns="http://schemas.microsoft.com/sqlserver/2004/07/showplan"><ColumnReference xmlns="http://schemas.microsoft.com/sqlserver/2004/07/showplan" Column="Union1080"></ColumnReference><ColumnReference xmlns="http://schemas.microsoft.com/sqlserver/2004/07/showplan" Table="[QUERY_STATS]" Column="execution_count"></ColumnReference><ColumnReference xmlns="http://schemas.microsoft.com/sqlserver/2004/07/showplan" Table="[XTP_STMT_STATS]" Column="execution_count"></ColumnReference></DefinedValue><DefinedValue xmlns="http://schemas.microsoft.com/sqlserver/2004/07/showplan"><ColumnReference xmlns="http://schemas.microsoft.com/sqlserver/2004/07/showplan" Column="Union1081"></ColumnReference><ColumnReference xmlns="http://schemas.microsoft.com/sqlserver/2004/07/showplan" Table="[QUERY_STATS]" Column="total_worker_time"></ColumnReference><ColumnReference xmlns="http://schemas.microsoft.com/sqlserver/2004/07/showplan" Table="[XTP_STMT_STATS]" Column="total_worker_time"></ColumnReference></DefinedValue><DefinedValue xmlns="http://schemas.microsoft.com/sqlserver/2004/07/showplan"><ColumnReference xmlns="http://schemas.microsoft.com/sqlserver/2004/07/showplan" Column="Union1085"></ColumnReference><ColumnReference xmlns="http://schemas.microsoft.com/sqlserver/2004/07/showplan" Table="[QUERY_STATS]" Column="total_physical_reads"></ColumnReference><ColumnReference xmlns="http://schemas.microsoft.com/sqlserver/2004/07/showplan" Column="Expr1001"></ColumnReference></DefinedValue><DefinedValue xmlns="http://schemas.microsoft.com/sqlserver/2004/07/showplan"><ColumnReference xmlns="http://schemas.microsoft.com/sqlserver/2004/07/showplan" Column="Union1089"></ColumnReference><ColumnReference xmlns="http://schemas.microsoft.com/sqlserver/2004/07/showplan" Table="[QUERY_STATS]" Column="total_logical_writes"></ColumnReference><ColumnReference xmlns="http://schemas.microsoft.com/sqlserver/2004/07/showplan" Column="Expr1005"></ColumnReference></DefinedValue><DefinedValue xmlns="http://schemas.microsoft.com/sqlserver/2004/07/showplan"><ColumnReference xmlns="http://schemas.microsoft.com/sqlserver/2004/07/showplan" Column="Union1093"></ColumnReference><ColumnReference xmlns="http://schemas.microsoft.com/sqlserver/2004/07/showplan" Table="[QUERY_STATS]" Column="total_logical_reads"></ColumnReference><ColumnReference xmlns="http://schemas.microsoft.com/sqlserver/2004/07/showplan" Column="Expr1009"></ColumnReference></DefinedValue><DefinedValue xmlns="http://schemas.microsoft.com/sqlserver/2004/07/showplan"><ColumnReference xmlns="http://schemas.microsoft.com/sqlserver/2004/07/showplan" Column="Union1101"></ColumnReference><ColumnReference xmlns="http://schemas.microsoft.com/sqlserver/2004/07/showplan" Table="[QUERY_STATS]" Column="total_elapsed_time"></ColumnReference><ColumnReference xmlns="http://schemas.microsoft.com/sqlserver/2004/07/showplan" Table="[XTP_STMT_STATS]" Column="total_elapsed_time"></ColumnReference></DefinedValue><DefinedValue xmlns="http://schemas.microsoft.com/sqlserver/2004/07/showplan"><ColumnReference xmlns="http://schemas.microsoft.com/sqlserver/2004/07/showplan" Column="Union1105"></ColumnReference><ColumnReference xmlns="http://schemas.microsoft.com/sqlserver/2004/07/showplan" Table="[QUERY_STATS]" Column="query_hash"></ColumnReference><ColumnReference xmlns="http://schemas.microsoft.com/sqlserver/2004/07/showplan" Column="Expr1017"></ColumnReference></DefinedValue><DefinedValue xmlns="http://schemas.microsoft.com/sqlserver/2004/07/showplan"><ColumnReference xmlns="http://schemas.microsoft.com/sqlserver/2004/07/showplan" Column="Union1106"></ColumnReference><ColumnReference xmlns="http://schemas.microsoft.com/sqlserver/2004/07/showplan" Table="[QUERY_STATS]" Column="query_plan_hash"></ColumnReference><ColumnReference xmlns="http://schemas.microsoft.com/sqlserver/2004/07/showplan" Column="Expr1018"></ColumnReference></DefinedValue><DefinedValue xmlns="http://schemas.microsoft.com/sqlserver/2004/07/showplan"><ColumnReference xmlns="http://schemas.microsoft.com/sqlserver/2004/07/showplan" Column="Union1107"></ColumnReference><ColumnReference xmlns="http://schemas.microsoft.com/sqlserver/2004/07/showplan" Table="[QUERY_STATS]" Column="total_rows"></ColumnReference><ColumnReference xmlns="http://schemas.microsoft.com/sqlserver/2004/07/showplan" Column="Expr1019"></ColumnReference></DefinedValue><DefinedValue xmlns="http://schemas.microsoft.com/sqlserver/2004/07/showplan"><ColumnReference xmlns="http://schemas.microsoft.com/sqlserver/2004/07/showplan" Column="Union1117"></ColumnReference><ColumnReference xmlns="http://schemas.microsoft.com/sqlserver/2004/07/showplan" Table="[QUERY_STATS]" Column="total_grant_kb"></ColumnReference><ColumnReference xmlns="http://schemas.microsoft.com/sqlserver/2004/07/showplan" Column="Expr1029"></ColumnReference></DefinedValue></DefinedValues><RelOp xmlns="http://schemas.microsoft.com/sqlserver/2004/07/showplan" NodeId="9" PhysicalOp="Filter" LogicalOp="Filter" EstimateRows="83.4729" EstimateIO="0" EstimateCPU="0.00044704" AvgRowSize="124" EstimatedTotalSubtreeCost="0.000955197" Parallel="0" EstimateRebinds="0" EstimateRewinds="0" EstimatedExecutionMode="Row"><OutputList xmlns="http://schemas.microsoft.com/sqlserver/2004/07/showplan"><ColumnReference xmlns="http://schemas.microsoft.com/sqlserver/2004/07/showplan" Table="[QUERY_STATS]" Column="plan_handle"></ColumnReference><ColumnReference xmlns="http://schemas.microsoft.com/sqlserver/2004/07/showplan" Table="[QUERY_STATS]" Column="execution_count"></ColumnReference><ColumnReference xmlns="http://schemas.microsoft.com/sqlserver/2004/07/showplan" Table="[QUERY_STATS]" Column="total_worker_time"></ColumnReference><ColumnReference xmlns="http://schemas.microsoft.com/sqlserver/2004/07/showplan" Table="[QUERY_STATS]" Column="total_physical_reads"></ColumnReference><ColumnReference xmlns="http://schemas.microsoft.com/sqlserver/2004/07/showplan" Table="[QUERY_STATS]" Column="total_logical_writes"></ColumnReference><ColumnReference xmlns="http://schemas.microsoft.com/sqlserver/2004/07/showplan" Table="[QUERY_STATS]" Column="total_logical_reads"></ColumnReference><ColumnReference xmlns="http://schemas.microsoft.com/sqlserver/2004/07/showplan" Table="[QUERY_STATS]" Column="total_elapsed_time"></ColumnReference><ColumnReference xmlns="http://schemas.microsoft.com/sqlserver/2004/07/showplan" Table="[QUERY_STATS]" Column="query_hash"></ColumnReference><ColumnReference xmlns="http://schemas.microsoft.com/sqlserver/2004/07/showplan" Table="[QUERY_STATS]" Column="query_plan_hash"></ColumnReference><ColumnReference xmlns="http://schemas.microsoft.com/sqlserver/2004/07/showplan" Table="[QUERY_STATS]" Column="total_rows"></ColumnReference><ColumnReference xmlns="http://schemas.microsoft.com/sqlserver/2004/07/showplan" Table="[QUERY_STATS]" Column="total_grant_kb"></ColumnReference></OutputList><Filter xmlns="http://schemas.microsoft.com/sqlserver/2004/07/showplan" StartupExpression="0"><RelOp xmlns="http://schemas.microsoft.com/sqlserver/2004/07/showplan" NodeId="10" PhysicalOp="Table-valued function" LogicalOp="Table-valued function" EstimateRows="508" EstimateIO="0" EstimateCPU="0.000508157" AvgRowSize="132" EstimatedTotalSubtreeCost="0.000508157" Parallel="0" EstimateRebinds="0" EstimateRewinds="0" EstimatedExecutionMode="Row"><OutputList xmlns="http://schemas.microsoft.com/sqlserver/2004/07/showplan"><ColumnReference xmlns="http://schemas.microsoft.com/sqlserver/2004/07/showplan" Table="[QUERY_STATS]" Column="plan_handle"></ColumnReference><ColumnReference xmlns="http://schemas.microsoft.com/sqlserver/2004/07/showplan" Table="[QUERY_STATS]" Column="last_execution_time"></ColumnReference><ColumnReference xmlns="http://schemas.microsoft.com/sqlserver/2004/07/showplan" Table="[QUERY_STATS]" Column="execution_count"></ColumnReference><ColumnReference xmlns="http://schemas.microsoft.com/sqlserver/2004/07/showplan" Table="[QUERY_STATS]" Column="total_worker_time"></ColumnReference><ColumnReference xmlns="http://schemas.microsoft.com/sqlserver/2004/07/showplan" Table="[QUERY_STATS]" Column="total_physical_reads"></ColumnReference><ColumnReference xmlns="http://schemas.microsoft.com/sqlserver/2004/07/showplan" Table="[QUERY_STATS]" Column="total_logical_writes"></ColumnReference><ColumnReference xmlns="http://schemas.microsoft.com/sqlserver/2004/07/showplan" Table="[QUERY_STATS]" Column="total_logical_reads"></ColumnReference><ColumnReference xmlns="http://schemas.microsoft.com/sqlserver/2004/07/showplan" Table="[QUERY_STATS]" Column="total_elapsed_time"></ColumnReference><ColumnReference xmlns="http://schemas.microsoft.com/sqlserver/2004/07/showplan" Table="[QUERY_STATS]" Column="query_hash"></ColumnReference><ColumnReference xmlns="http://schemas.microsoft.com/sqlserver/2004/07/showplan" Table="[QUERY_STATS]" Column="query_plan_hash"></ColumnReference><ColumnReference xmlns="http://schemas.microsoft.com/sqlserver/2004/07/showplan" Table="[QUERY_STATS]" Column="total_rows"></ColumnReference><ColumnReference xmlns="http://schemas.microsoft.com/sqlserver/2004/07/showplan" Table="[QUERY_STATS]" Column="total_grant_kb"></ColumnReference></OutputList><TableValuedFunction xmlns="http://schemas.microsoft.com/sqlserver/2004/07/showplan"><DefinedValues xmlns="http://schemas.microsoft.com/sqlserver/2004/07/showplan"><DefinedValue xmlns="http://schemas.microsoft.com/sqlserver/2004/07/showplan"><ColumnReference xmlns="http://schemas.microsoft.com/sqlserver/2004/07/showplan" Table="[QUERY_STATS]" Column="plan_handle"></ColumnReference></DefinedValue><DefinedValue xmlns="http://schemas.microsoft.com/sqlserver/2004/07/showplan"><ColumnReference xmlns="http://schemas.microsoft.com/sqlserver/2004/07/showplan" Table="[QUERY_STATS]" Column="last_execution_time"></ColumnReference></DefinedValue><DefinedValue xmlns="http://schemas.microsoft.com/sqlserver/2004/07/showplan"><ColumnReference xmlns="http://schemas.microsoft.com/sqlserver/2004/07/showplan" Table="[QUERY_STATS]" Column="execution_count"></ColumnReference></DefinedValue><DefinedValue xmlns="http://schemas.microsoft.com/sqlserver/2004/07/showplan"><ColumnReference xmlns="http://schemas.microsoft.com/sqlserver/2004/07/showplan" Table="[QUERY_STATS]" Column="total_worker_time"></ColumnReference></DefinedValue><DefinedValue xmlns="http://schemas.microsoft.com/sqlserver/2004/07/showplan"><ColumnReference xmlns="http://schemas.microsoft.com/sqlserver/2004/07/showplan" Table="[QUERY_STATS]" Column="total_physical_reads"></ColumnReference></DefinedValue><DefinedValue xmlns="http://schemas.microsoft.com/sqlserver/2004/07/showplan"><ColumnReference xmlns="http://schemas.microsoft.com/sqlserver/2004/07/showplan" Table="[QUERY_STATS]" Column="total_logical_writes"></ColumnReference></DefinedValue><DefinedValue xmlns="http://schemas.microsoft.com/sqlserver/2004/07/showplan"><ColumnReference xmlns="http://schemas.microsoft.com/sqlserver/2004/07/showplan" Table="[QUERY_STATS]" Column="total_logical_reads"></ColumnReference></DefinedValue><DefinedValue xmlns="http://schemas.microsoft.com/sqlserver/2004/07/showplan"><ColumnReference xmlns="http://schemas.microsoft.com/sqlserver/2004/07/showplan" Table="[QUERY_STATS]" Column="total_elapsed_time"></ColumnReference></DefinedValue><DefinedValue xmlns="http://schemas.microsoft.com/sqlserver/2004/07/showplan"><ColumnReference xmlns="http://schemas.microsoft.com/sqlserver/2004/07/showplan" Table="[QUERY_STATS]" Column="query_hash"></ColumnReference></DefinedValue><DefinedValue xmlns="http://schemas.microsoft.com/sqlserver/2004/07/showplan"><ColumnReference xmlns="http://schemas.microsoft.com/sqlserver/2004/07/showplan" Table="[QUERY_STATS]" Column="query_plan_hash"></ColumnReference></DefinedValue><DefinedValue xmlns="http://schemas.microsoft.com/sqlserver/2004/07/showplan"><ColumnReference xmlns="http://schemas.microsoft.com/sqlserver/2004/07/showplan" Table="[QUERY_STATS]" Column="total_rows"></ColumnReference></DefinedValue><DefinedValue xmlns="http://schemas.microsoft.com/sqlserver/2004/07/showplan"><ColumnReference xmlns="http://schemas.microsoft.com/sqlserver/2004/07/showplan" Table="[QUERY_STATS]" Column="total_grant_kb"></ColumnReference></DefinedValue></DefinedValues><Object xmlns="http://schemas.microsoft.com/sqlserver/2004/07/showplan" Table="[QUERY_STATS]"></Object><ParameterList xmlns="http://schemas.microsoft.com/sqlserver/2004/07/showplan"><ScalarOperator xmlns="http://schemas.microsoft.com/sqlserver/2004/07/showplan" ScalarString="( ? )"><Const xmlns="http://schemas.microsoft.com/sqlserver/2004/07/showplan" ConstValue="( ? )"></Const></ScalarOperator><ScalarOperator xmlns="http://schemas.microsoft.com/sqlserver/2004/07/showplan" ScalarString="?"><Const xmlns="http://schemas.microsoft.com/sqlserver/2004/07/showplan" ConstValue="?"></Const></ScalarOperator></ParameterList></TableValuedFunction></RelOp><Predicate xmlns="http://schemas.microsoft.com/sqlserver/2004/07/showplan"><ScalarOperator xmlns="http://schemas.microsoft.com/sqlserver/2004/07/showplan" ScalarString="QUERY_STATS. [ last_execution_time ] &gt;= dateadd ( second, [ @granularity ], getdate ( ) ) AND QUERY_STATS. [ last_execution_time ] &lt;= getdate ( )"><Logical xmlns="http://schemas.microsoft.com/sqlserver/2004/07/showplan" Operation="AND"><ScalarOperator xmlns="http://schemas.microsoft.com/sqlserver/2004/07/showplan"><Compare xmlns="http://schemas.microsoft.com/sqlserver/2004/07/showplan" CompareOp="GE"><ScalarOperator xmlns="http://schemas.microsoft.com/sqlserver/2004/07/showplan"><Identifier xmlns="http://schemas.microsoft.com/sqlserver/2004/07/showplan"><ColumnReference xmlns="http://schemas.microsoft.com/sqlserver/2004/07/showplan" Table="[QUERY_STATS]" Column="last_execution_time"></ColumnReference></Identifier></ScalarOperator><ScalarOperator xmlns="http://schemas.microsoft.com/sqlserver/2004/07/showplan"><Identifier xmlns="http://schemas.microsoft.com/sqlserver/2004/07/showplan"><ColumnReference xmlns="http://schemas.microsoft.com/sqlserver/2004/07/showplan" Column="ConstExpr1335"><ScalarOperator xmlns="http://schemas.microsoft.com/sqlserver/2004/07/showplan"><Intrinsic xmlns="http://schemas.microsoft.com/sqlserver/2004/07/showplan" FunctionName="dateadd"><ScalarOperator xmlns="http://schemas.microsoft.com/sqlserver/2004/07/showplan"><Const xmlns="http://schemas.microsoft.com/sqlserver/2004/07/showplan" ConstValue="( ? )"></Const></ScalarOperator><ScalarOperator xmlns="http://schemas.microsoft.com/sqlserver/2004/07/showplan"><Identifier xmlns="http://schemas.microsoft.com/sqlserver/2004/07/showplan"><ColumnReference xmlns="http://schemas.microsoft.com/sqlserver/2004/07/showplan" Column="@granularity"></ColumnReference></Identifier></ScalarOperator><ScalarOperator xmlns="http://schemas.microsoft.com/sqlserver/2004/07/showplan"><Intrinsic xmlns="http://schemas.microsoft.com/sqlserver/2004/07/showplan" FunctionName="getdate"></Intrinsic></ScalarOperator></Intrinsic></ScalarOperator></ColumnReference></Identifier></ScalarOperator></Compare></ScalarOperator><ScalarOperator xmlns="http://schemas.microsoft.com/sqlserver/2004/07/showplan"><Compare xmlns="http://schemas.microsoft.com/sqlserver/2004/07/showplan" CompareOp="LE"><ScalarOperator xmlns="http://schemas.microsoft.com/sqlserver/2004/07/showplan"><Identifier xmlns="http://schemas.microsoft.com/sqlserver/2004/07/showplan"><ColumnReference xmlns="http://schemas.microsoft.com/sqlserver/2004/07/showplan" Table="[QUERY_STATS]" Column="last_execution_time"></ColumnReference></Identifier></ScalarOperator><ScalarOperator xmlns="http://schemas.microsoft.com/sqlserver/2004/07/showplan"><Identifier xmlns="http://schemas.microsoft.com/sqlserver/2004/07/showplan"><ColumnReference xmlns="http://schemas.microsoft.com/sqlserver/2004/07/showplan" Column="ConstExpr1336"><ScalarOperator xmlns="http://schemas.microsoft.com/sqlserver/2004/07/showplan"><Intrinsic xmlns="http://schemas.microsoft.com/sqlserver/2004/07/showplan" FunctionName="getdate"></Intrinsic></ScalarOperator></ColumnReference></Identifier></ScalarOperator></Compare></ScalarOperator></Logical></ScalarOperator></Predicate></Filter></RelOp><RelOp xmlns="http://schemas.microsoft.com/sqlserver/2004/07/showplan" NodeId="11" PhysicalOp="Compute Scalar" LogicalOp="Compute Scalar" EstimateRows="164.317" EstimateIO="0" EstimateCPU="1.64317e-05" AvgRowSize="124" EstimatedTotalSubtreeCost="0.00189659" Parallel="0" EstimateRebinds="0" EstimateRewinds="0" EstimatedExecutionMode="Row"><OutputList xmlns="http://schemas.microsoft.com/sqlserver/2004/07/showplan"><ColumnReference xmlns="http://schemas.microsoft.com/sqlserver/2004/07/showplan" Table="[XTP_STMT_STATS]" Column="plan_handle"></ColumnReference><ColumnReference xmlns="http://schemas.microsoft.com/sqlserver/2004/07/showplan" Table="[XTP_STMT_STATS]" Column="execution_count"></ColumnReference><ColumnReference xmlns="http://schemas.microsoft.com/sqlserver/2004/07/showplan" Table="[XTP_STMT_STATS]" Column="total_worker_time"></ColumnReference><ColumnReference xmlns="http://schemas.microsoft.com/sqlserver/2004/07/showplan" Table="[XTP_STMT_STATS]" Column="total_elapsed_time"></ColumnReference><ColumnReference xmlns="http://schemas.microsoft.com/sqlserver/2004/07/showplan" Column="Expr1001"></ColumnReference><ColumnReference xmlns="http://schemas.microsoft.com/sqlserver/2004/07/showplan" Column="Expr1005"></ColumnReference><ColumnReference xmlns="http://schemas.microsoft.com/sqlserver/2004/07/showplan" Column="Expr1009"></ColumnReference><ColumnReference xmlns="http://schemas.microsoft.com/sqlserver/2004/07/showplan" Column="Expr1017"></ColumnReference><ColumnReference xmlns="http://schemas.microsoft.com/sqlserver/2004/07/showplan" Column="Expr1018"></ColumnReference><ColumnReference xmlns="http://schemas.microsoft.com/sqlserver/2004/07/showplan" Column="Expr1019"></ColumnReference><ColumnReference xmlns="http://schemas.microsoft.com/sqlserver/2004/07/showplan" Column="Expr1029"></ColumnReference></OutputList><ComputeScalar xmlns="http://schemas.microsoft.com/sqlserver/2004/07/showplan"><DefinedValues xmlns="http://schemas.microsoft.com/sqlserver/2004/07/showplan"><DefinedValue xmlns="http://schemas.microsoft.com/sqlserver/2004/07/showplan"><ColumnReference xmlns="http://schemas.microsoft.com/sqlserver/2004/07/showplan" Column="Expr1001"></ColumnReference><ScalarOperator xmlns="http://schemas.microsoft.com/sqlserver/2004/07/showplan" ScalarString="( ? )"><Const xmlns="http://schemas.microsoft.com/sqlserver/2004/07/showplan" ConstValue="( ? )"></Const></ScalarOperator></DefinedValue><DefinedValue xmlns="http://schemas.microsoft.com/sqlserver/2004/07/showplan"><ColumnReference xmlns="http://schemas.microsoft.com/sqlserver/2004/07/showplan" Column="Expr1005"></ColumnReference><ScalarOperator xmlns="http://schemas.microsoft.com/sqlserver/2004/07/showplan" ScalarString="( ? )"><Const xmlns="http://schemas.microsoft.com/sqlserver/2004/07/showplan" ConstValue="( ? )"></Const></ScalarOperator></DefinedValue><DefinedValue xmlns="http://schemas.microsoft.com/sqlserver/2004/07/showplan"><ColumnReference xmlns="http://schemas.microsoft.com/sqlserver/2004/07/showplan" Column="Expr1009"></ColumnReference><ScalarOperator xmlns="http://schemas.microsoft.com/sqlserver/2004/07/showplan" ScalarString="( ? )"><Const xmlns="http://schemas.microsoft.com/sqlserver/2004/07/showplan" ConstValue="( ? )"></Const></ScalarOperator></DefinedValue><DefinedValue xmlns="http://schemas.microsoft.com/sqlserver/2004/07/showplan"><ColumnReference xmlns="http://schemas.microsoft.com/sqlserver/2004/07/showplan" Column="Expr1017"></ColumnReference><ScalarOperator xmlns="http://schemas.microsoft.com/sqlserver/2004/07/showplan" ScalarString="?"><Const xmlns="http://schemas.microsoft.com/sqlserver/2004/07/showplan" ConstValue="?"></Const></ScalarOperator></DefinedValue><DefinedValue xmlns="http://schemas.microsoft.com/sqlserver/2004/07/showplan"><ColumnReference xmlns="http://schemas.microsoft.com/sqlserver/2004/07/showplan" Column="Expr1018"></ColumnReference><ScalarOperator xmlns="http://schemas.microsoft.com/sqlserver/2004/07/showplan" ScalarString="?"><Const xmlns="http://schemas.microsoft.com/sqlserver/2004/07/showplan" ConstValue="?"></Const></ScalarOperator></DefinedValue><DefinedValue xmlns="http://schemas.microsoft.com/sqlserver/2004/07/showplan"><ColumnReference xmlns="http://schemas.microsoft.com/sqlserver/2004/07/showplan" Column="Expr1019"></ColumnReference><ScalarOperator xmlns="http://schemas.microsoft.com/sqlserver/2004/07/showplan" ScalarString="?"><Const xmlns="http://schemas.microsoft.com/sqlserver/2004/07/showplan" ConstValue="?"></Const></ScalarOperator></DefinedValue><DefinedValue xmlns="http://schemas.microsoft.com/sqlserver/2004/07/showplan"><ColumnReference xmlns="http://schemas.microsoft.com/sqlserver/2004/07/showplan" Column="Expr1029"></ColumnReference><ScalarOperator xmlns="http://schemas.microsoft.com/sqlserver/2004/07/showplan" ScalarString="?"><Const xmlns="http://schemas.microsoft.com/sqlserver/2004/07/showplan" ConstValue="?"></Const></ScalarOperator></DefinedValue></DefinedValues><RelOp xmlns="http://schemas.microsoft.com/sqlserver/2004/07/showplan" NodeId="12" PhysicalOp="Filter" LogicalOp="Filter" EstimateRows="164.317" EstimateIO="0" EstimateCPU="0.00088" AvgRowSize="67" EstimatedTotalSubtreeCost="0.00188016" Parallel="0" EstimateRebinds="0" EstimateRewinds="0" EstimatedExecutionMode="Row"><OutputList xmlns="http://schemas.microsoft.com/sqlserver/2004/07/showplan"><ColumnReference xmlns="http://schemas.microsoft.com/sqlserver/2004/07/showplan" Table="[XTP_STMT_STATS]" Column="plan_handle"></ColumnReference><ColumnReference xmlns="http://schemas.microsoft.com/sqlserver/2004/07/showplan" Table="[XTP_STMT_STATS]" Column="execution_count"></ColumnReference><ColumnReference xmlns="http://schemas.microsoft.com/sqlserver/2004/07/showplan" Table="[XTP_STMT_STATS]" Column="total_worker_time"></ColumnReference><ColumnReference xmlns="http://schemas.microsoft.com/sqlserver/2004/07/showplan" Table="[XTP_STMT_STATS]" Column="total_elapsed_time"></ColumnReference></OutputList><Filter xmlns="http://schemas.microsoft.com/sqlserver/2004/07/showplan" StartupExpression="0"><RelOp xmlns="http://schemas.microsoft.com/sqlserver/2004/07/showplan" NodeId="13" PhysicalOp="Table-valued function" LogicalOp="Table-valued function" EstimateRows="1000" EstimateIO="0" EstimateCPU="0.00100016" AvgRowSize="75" EstimatedTotalSubtreeCost="0.00100016" Parallel="0" EstimateRebinds="0" EstimateRewinds="0" EstimatedExecutionMode="Row"><OutputList xmlns="http://schemas.microsoft.com/sqlserver/2004/07/showplan"><ColumnReference xmlns="http://schemas.microsoft.com/sqlserver/2004/07/showplan" Table="[XTP_STMT_STATS]" Column="plan_handle"></ColumnReference><ColumnReference xmlns="http://schemas.microsoft.com/sqlserver/2004/07/showplan" Table="[XTP_STMT_STATS]" Column="last_execution_time"></ColumnReference><ColumnReference xmlns="http://schemas.microsoft.com/sqlserver/2004/07/showplan" Table="[XTP_STMT_STATS]" Column="execution_count"></ColumnReference><ColumnReference xmlns="http://schemas.microsoft.com/sqlserver/2004/07/showplan" Table="[XTP_STMT_STATS]" Column="total_worker_time"></ColumnReference><ColumnReference xmlns="http://schemas.microsoft.com/sqlserver/2004/07/showplan" Table="[XTP_STMT_STATS]" Column="total_elapsed_time"></ColumnReference></OutputList><TableValuedFunction xmlns="http://schemas.microsoft.com/sqlserver/2004/07/showplan"><DefinedValues xmlns="http://schemas.microsoft.com/sqlserver/2004/07/showplan"><DefinedValue xmlns="http://schemas.microsoft.com/sqlserver/2004/07/showplan"><ColumnReference xmlns="http://schemas.microsoft.com/sqlserver/2004/07/showplan" Table="[XTP_STMT_STATS]" Column="plan_handle"></ColumnReference></DefinedValue><DefinedValue xmlns="http://schemas.microsoft.com/sqlserver/2004/07/showplan"><ColumnReference xmlns="http://schemas.microsoft.com/sqlserver/2004/07/showplan" Table="[XTP_STMT_STATS]" Column="last_execution_time"></ColumnReference></DefinedValue><DefinedValue xmlns="http://schemas.microsoft.com/sqlserver/2004/07/showplan"><ColumnReference xmlns="http://schemas.microsoft.com/sqlserver/2004/07/showplan" Table="[XTP_STMT_STATS]" Column="execution_count"></ColumnReference></DefinedValue><DefinedValue xmlns="http://schemas.microsoft.com/sqlserver/2004/07/showplan"><ColumnReference xmlns="http://schemas.microsoft.com/sqlserver/2004/07/showplan" Table="[XTP_STMT_STATS]" Column="total_worker_time"></ColumnReference></DefinedValue><DefinedValue xmlns="http://schemas.microsoft.com/sqlserver/2004/07/showplan"><ColumnReference xmlns="http://schemas.microsoft.com/sqlserver/2004/07/showplan" Table="[XTP_STMT_STATS]" Column="total_elapsed_time"></ColumnReference></DefinedValue></DefinedValues><Object xmlns="http://schemas.microsoft.com/sqlserver/2004/07/showplan" Table="[XTP_STMT_STATS]"></Object></TableValuedFunction></RelOp><Predicate xmlns="http://schemas.microsoft.com/sqlserver/2004/07/showplan"><ScalarOperator xmlns="http://schemas.microsoft.com/sqlserver/2004/07/showplan" ScalarString="XTP_STMT_STATS. [ last_execution_time ] &gt;= dateadd ( second, [ @granularity ], getdate ( ) ) AND XTP_STMT_STATS. [ last_execution_time ] &lt;= getdate ( )"><Logical xmlns="http://schemas.microsoft.com/sqlserver/2004/07/showplan" Operation="AND"><ScalarOperator xmlns="http://schemas.microsoft.com/sqlserver/2004/07/showplan"><Compare xmlns="http://schemas.microsoft.com/sqlserver/2004/07/showplan" CompareOp="GE"><ScalarOperator xmlns="http://schemas.microsoft.com/sqlserver/2004/07/showplan"><Identifier xmlns="http://schemas.microsoft.com/sqlserver/2004/07/showplan"><ColumnReference xmlns="http://schemas.microsoft.com/sqlserver/2004/07/showplan" Table="[XTP_STMT_STATS]" Column="last_execution_time"></ColumnReference></Identifier></ScalarOperator><ScalarOperator xmlns="http://schemas.microsoft.com/sqlserver/2004/07/showplan"><Identifier xmlns="http://schemas.microsoft.com/sqlserver/2004/07/showplan"><ColumnReference xmlns="http://schemas.microsoft.com/sqlserver/2004/07/showplan" Column="ConstExpr1335"><ScalarOperator xmlns="http://schemas.microsoft.com/sqlserver/2004/07/showplan"><Intrinsic xmlns="http://schemas.microsoft.com/sqlserver/2004/07/showplan" FunctionName="dateadd"><ScalarOperator xmlns="http://schemas.microsoft.com/sqlserver/2004/07/showplan"><Const xmlns="http://schemas.microsoft.com/sqlserver/2004/07/showplan" ConstValue="( ? )"></Const></ScalarOperator><ScalarOperator xmlns="http://schemas.microsoft.com/sqlserver/2004/07/showplan"><Identifier xmlns="http://schemas.microsoft.com/sqlserver/2004/07/showplan"><ColumnReference xmlns="http://schemas.microsoft.com/sqlserver/2004/07/showplan" Column="@granularity"></ColumnReference></Identifier></ScalarOperator><ScalarOperator xmlns="http://schemas.microsoft.com/sqlserver/2004/07/showplan"><Intrinsic xmlns="http://schemas.microsoft.com/sqlserver/2004/07/showplan" FunctionName="getdate"></Intrinsic></ScalarOperator></Intrinsic></ScalarOperator></ColumnReference></Identifier></ScalarOperator></Compare></ScalarOperator><ScalarOperator xmlns="http://schemas.microsoft.com/sqlserver/2004/07/showplan"><Compare xmlns="http://schemas.microsoft.com/sqlserver/2004/07/showplan" CompareOp="LE"><ScalarOperator xmlns="http://schemas.microsoft.com/sqlserver/2004/07/showplan"><Identifier xmlns="http://schemas.microsoft.com/sqlserver/2004/07/showplan"><ColumnReference xmlns="http://schemas.microsoft.com/sqlserver/2004/07/showplan" Table="[XTP_STMT_STATS]" Column="last_execution_time"></ColumnReference></Identifier></ScalarOperator><ScalarOperator xmlns="http://schemas.microsoft.com/sqlserver/2004/07/showplan"><Identifier xmlns="http://schemas.microsoft.com/sqlserver/2004/07/showplan"><ColumnReference xmlns="http://schemas.microsoft.com/sqlserver/2004/07/showplan" Column="ConstExpr1336"><ScalarOperator xmlns="http://schemas.microsoft.com/sqlserver/2004/07/showplan"><Intrinsic xmlns="http://schemas.microsoft.com/sqlserver/2004/07/showplan" FunctionName="getdate"></Intrinsic></ScalarOperator></ColumnReference></Identifier></ScalarOperator></Compare></ScalarOperator></Logical></ScalarOperator></Predicate></Filter></RelOp></ComputeScalar></RelOp></Concat></RelOp></Sort></RelOp></StreamAggregate></RelOp></ComputeScalar></RelOp></Top></RelOp><RelOp xmlns="http://schemas.microsoft.com/sqlserver/2004/07/showplan" NodeId="14" PhysicalOp="Table-valued function" LogicalOp="Table-valued function" EstimateRows="1" EstimateIO="0" EstimateCPU="1.157e-06" AvgRowSize="4035" EstimatedTotalSubtreeCost="1.157e-06" Parallel="0" EstimateRebinds="0" EstimateRewinds="0" EstimatedExecutionMode="Row"><OutputList xmlns="http://schemas.microsoft.com/sqlserver/2004/07/showplan"><ColumnReference xmlns="http://schemas.microsoft.com/sqlserver/2004/07/showplan" Table="[FNGETQUERYPLAN]" Column="query_plan"></ColumnReference></OutputList><TableValuedFunction xmlns="http://schemas.microsoft.com/sqlserver/2004/07/showplan"><DefinedValues xmlns="http://schemas.microsoft.com/sqlserver/2004/07/showplan"><DefinedValue xmlns="http://schemas.microsoft.com/sqlserver/2004/07/showplan"><ColumnReference xmlns="http://schemas.microsoft.com/sqlserver/2004/07/showplan" Table="[FNGETQUERYPLAN]" Column="query_plan"></ColumnReference></DefinedValue></DefinedValues><Object xmlns="http://schemas.microsoft.com/sqlserver/2004/07/showplan" Table="[FNGETQUERYPLAN]"></Object><ParameterList xmlns="http://schemas.microsoft.com/sqlserver/2004/07/showplan"><ScalarOperator xmlns="http://schemas.microsoft.com/sqlserver/2004/07/showplan" ScalarString="[ Expr1161 ]"><Identifier xmlns="http://schemas.microsoft.com/sqlserver/2004/07/showplan"><ColumnReference xmlns="http://schemas.microsoft.com/sqlserver/2004/07/showplan" Column="Expr1161"></ColumnReference></Identifier></ScalarOperator></ParameterList></TableValuedFunction></RelOp></NestedLoops></RelOp><RelOp xmlns="http://schemas.microsoft.com/sqlserver/2004/07/showplan" NodeId="15" PhysicalOp="Table-valued function" LogicalOp="Table-valued function" EstimateRows="1" EstimateIO="0" EstimateCPU="1.157e-06" AvgRowSize="4035" EstimatedTotalSubtreeCost="1.157e-06" Parallel="0" EstimateRebinds="0" EstimateRewinds="0" EstimatedExecutionMode="Row"><OutputList xmlns="http://schemas.microsoft.com/sqlserver/2004/07/showplan"><ColumnReference xmlns="http://schemas.microsoft.com/sqlserver/2004/07/showplan" Table="[FNGETSQL]" Column="text"></ColumnReference></OutputList><TableValuedFunction xmlns="http://schemas.microsoft.com/sqlserver/2004/07/showplan"><DefinedValues xmlns="http://schemas.microsoft.com/sqlserver/2004/07/showplan"><DefinedValue xmlns="http://schemas.microsoft.com/sqlserver/2004/07/showplan"><ColumnReference xmlns="http://schemas.microsoft.com/sqlserver/2004/07/showplan" Table="[FNGETSQL]" Column="text"></ColumnReference></DefinedValue></DefinedValues><Object xmlns="http://schemas.microsoft.com/sqlserver/2004/07/showplan" Table="[FNGETSQL]"></Object><ParameterList xmlns="http://schemas.microsoft.com/sqlserver/2004/07/showplan"><ScalarOperator xmlns="http://schemas.microsoft.com/sqlserver/2004/07/showplan" ScalarString="[ Expr1161 ]"><Identifier xmlns="http://schemas.microsoft.com/sqlserver/2004/07/showplan"><ColumnReference xmlns="http://schemas.microsoft.com/sqlserver/2004/07/showplan" Column="Expr1161"></ColumnReference></Identifier></ScalarOperator></ParameterList></TableValuedFunction></RelOp></NestedLoops></RelOp><RelOp xmlns="http://schemas.microsoft.com/sqlserver/2004/07/showplan" NodeId="16" PhysicalOp="Concatenation" LogicalOp="Concatenation" EstimateRows="54.1616" EstimateIO="0" EstimateCPU="5.41616e-06" AvgRowSize="15" EstimatedTotalSubtreeCost="0.00150827" Parallel="0" EstimateRebinds="0" EstimateRewinds="0" EstimatedExecutionMode="Row"><OutputList xmlns="http://schemas.microsoft.com/sqlserver/2004/07/showplan"><ColumnReference xmlns="http://schemas.microsoft.com/sqlserver/2004/07/showplan" Column="Union1246"></ColumnReference><ColumnReference xmlns="http://schemas.microsoft.com/sqlserver/2004/07/showplan" Column="Union1247"></ColumnReference></OutputList><Concat xmlns="http://schemas.microsoft.com/sqlserver/2004/07/showplan"><DefinedValues xmlns="http://schemas.microsoft.com/sqlserver/2004/07/showplan"><DefinedValue xmlns="http://schemas.microsoft.com/sqlserver/2004/07/showplan"><ColumnReference xmlns="http://schemas.microsoft.com/sqlserver/2004/07/showplan" Column="Union1246"></ColumnReference><ColumnReference xmlns="http://schemas.microsoft.com/sqlserver/2004/07/showplan" Table="[QUERY_STATS]" Column="statement_start_offset"></ColumnReference><ColumnReference xmlns="http://schemas.microsoft.com/sqlserver/2004/07/showplan" Table="[XTP_STMT_STATS]" Column="statement_start_offset"></ColumnReference></DefinedValue><DefinedValue xmlns="http://schemas.microsoft.com/sqlserver/2004/07/showplan"><ColumnReference xmlns="http://schemas.microsoft.com/sqlserver/2004/07/showplan" Column="Union1247"></ColumnReference><ColumnReference xmlns="http://schemas.microsoft.com/sqlserver/2004/07/showplan" Table="[QUERY_STATS]" Column="statement_end_offset"></ColumnReference><ColumnReference xmlns="http://schemas.microsoft.com/sqlserver/2004/07/showplan" Table="[XTP_STMT_STATS]" Column="statement_end_offset"></ColumnReference></DefinedValue></DefinedValues><RelOp xmlns="http://schemas.microsoft.com/sqlserver/2004/07/showplan" NodeId="17" PhysicalOp="Table-valued function" LogicalOp="Table-valued function" EstimateRows="22.5389" EstimateIO="0" EstimateCPU="2.26959e-05" AvgRowSize="15" EstimatedTotalSubtreeCost="2.26959e-05" Parallel="0" EstimateRebinds="0" EstimateRewinds="0" EstimatedExecutionMode="Row"><OutputList xmlns="http://schemas.microsoft.com/sqlserver/2004/07/showplan"><ColumnReference xmlns="http://schemas.microsoft.com/sqlserver/2004/07/showplan" Table="[QUERY_STATS]" Column="statement_start_offset"></ColumnReference><ColumnReference xmlns="http://schemas.microsoft.com/sqlserver/2004/07/showplan" Table="[QUERY_STATS]" Column="statement_end_offset"></ColumnReference></OutputList><TableValuedFunction xmlns="http://schemas.microsoft.com/sqlserver/2004/07/showplan"><DefinedValues xmlns="http://schemas.microsoft.com/sqlserver/2004/07/showplan"><DefinedValue xmlns="http://schemas.microsoft.com/sqlserver/2004/07/showplan"><ColumnReference xmlns="http://schemas.microsoft.com/sqlserver/2004/07/showplan" Table="[QUERY_STATS]" Column="statement_start_offset"></ColumnReference></DefinedValue><DefinedValue xmlns="http://schemas.microsoft.com/sqlserver/2004/07/showplan"><ColumnReference xmlns="http://schemas.microsoft.com/sqlserver/2004/07/showplan" Table="[QUERY_STATS]" Column="statement_end_offset"></ColumnReference></DefinedValue></DefinedValues><Object xmlns="http://schemas.microsoft.com/sqlserver/2004/07/showplan" Table="[QUERY_STATS]"></Object><ParameterList xmlns="http://schemas.microsoft.com/sqlserver/2004/07/showplan"><ScalarOperator xmlns="http://schemas.microsoft.com/sqlserver/2004/07/showplan" ScalarString="( ? )"><Const xmlns="http://schemas.microsoft.com/sqlserver/2004/07/showplan" ConstValue="( ? )"></Const></ScalarOperator><ScalarOperator xmlns="http://schemas.microsoft.com/sqlserver/2004/07/showplan" ScalarString="[ Expr1161 ]"><Identifier xmlns="http://schemas.microsoft.com/sqlserver/2004/07/showplan"><ColumnReference xmlns="http://schemas.microsoft.com/sqlserver/2004/07/showplan" Column="Expr1161"></ColumnReference></Identifier></ScalarOperator></ParameterList></TableValuedFunction></RelOp><RelOp xmlns="http://schemas.microsoft.com/sqlserver/2004/07/showplan" NodeId="18" PhysicalOp="Filter" LogicalOp="Filter" EstimateRows="31.6228" EstimateIO="0" EstimateCPU="0.00048" AvgRowSize="15" EstimatedTotalSubtreeCost="0.00148016" Parallel="0" EstimateRebinds="0" EstimateRewinds="0" EstimatedExecutionMode="Row"><OutputList xmlns="http://schemas.microsoft.com/sqlserver/2004/07/showplan"><ColumnReference xmlns="http://schemas.microsoft.com/sqlserver/2004/07/showplan" Table="[XTP_STMT_STATS]" Column="statement_start_offset"></ColumnReference><ColumnReference xmlns="http://schemas.microsoft.com/sqlserver/2004/07/showplan" Table="[XTP_STMT_STATS]" Column="statement_end_offset"></ColumnReference></OutputList><Filter xmlns="http://schemas.microsoft.com/sqlserver/2004/07/showplan" StartupExpression="0"><RelOp xmlns="http://schemas.microsoft.com/sqlserver/2004/07/showplan" NodeId="19" PhysicalOp="Table-valued function" LogicalOp="Table-valued function" EstimateRows="1000" EstimateIO="0" EstimateCPU="0.00100016" AvgRowSize="51" EstimatedTotalSubtreeCost="0.00100016" Parallel="0" EstimateRebinds="0" EstimateRewinds="0" EstimatedExecutionMode="Row"><OutputList xmlns="http://schemas.microsoft.com/sqlserver/2004/07/showplan"><ColumnReference xmlns="http://schemas.microsoft.com/sqlserver/2004/07/showplan" Table="[XTP_STMT_STATS]" Column="statement_start_offset"></ColumnReference><ColumnReference xmlns="http://schemas.microsoft.com/sqlserver/2004/07/showplan" Table="[XTP_STMT_STATS]" Column="statement_end_offset"></ColumnReference><ColumnReference xmlns="http://schemas.microsoft.com/sqlserver/2004/07/showplan" Table="[XTP_STMT_STATS]" Column="plan_handle"></ColumnReference></OutputList><TableValuedFunction xmlns="http://schemas.microsoft.com/sqlserver/2004/07/showplan"><DefinedValues xmlns="http://schemas.microsoft.com/sqlserver/2004/07/showplan"><DefinedValue xmlns="http://schemas.microsoft.com/sqlserver/2004/07/showplan"><ColumnReference xmlns="http://schemas.microsoft.com/sqlserver/2004/07/showplan" Table="[XTP_STMT_STATS]" Column="statement_start_offset"></ColumnReference></DefinedValue><DefinedValue xmlns="http://schemas.microsoft.com/sqlserver/2004/07/showplan"><ColumnReference xmlns="http://schemas.microsoft.com/sqlserver/2004/07/showplan" Table="[XTP_STMT_STATS]" Column="statement_end_offset"></ColumnReference></DefinedValue><DefinedValue xmlns="http://schemas.microsoft.com/sqlserver/2004/07/showplan"><ColumnReference xmlns="http://schemas.microsoft.com/sqlserver/2004/07/showplan" Table="[XTP_STMT_STATS]" Column="plan_handle"></ColumnReference></DefinedValue></DefinedValues><Object xmlns="http://schemas.microsoft.com/sqlserver/2004/07/showplan" Table="[XTP_STMT_STATS]"></Object></TableValuedFunction></RelOp><Predicate xmlns="http://schemas.microsoft.com/sqlserver/2004/07/showplan"><ScalarOperator xmlns="http://schemas.microsoft.com/sqlserver/2004/07/showplan" ScalarString="XTP_STMT_STATS. [ plan_handle ] = [ Expr1161 ]"><Compare xmlns="http://schemas.microsoft.com/sqlserver/2004/07/showplan" CompareOp="EQ"><ScalarOperator xmlns="http://schemas.microsoft.com/sqlserver/2004/07/showplan"><Identifier xmlns="http://schemas.microsoft.com/sqlserver/2004/07/showplan"><ColumnReference xmlns="http://schemas.microsoft.com/sqlserver/2004/07/showplan" Table="[XTP_STMT_STATS]" Column="plan_handle"></ColumnReference></Identifier></ScalarOperator><ScalarOperator xmlns="http://schemas.microsoft.com/sqlserver/2004/07/showplan"><Identifier xmlns="http://schemas.microsoft.com/sqlserver/2004/07/showplan"><ColumnReference xmlns="http://schemas.microsoft.com/sqlserver/2004/07/showplan" Column="Expr1161"></ColumnReference></Identifier></ScalarOperator></Compare></ScalarOperator></Predicate></Filter></RelOp></Concat></RelOp></NestedLoops></RelOp></ComputeScalar></RelOp></QueryPlan></StmtSimple></Statements></Batch></BatchSequence></ShowPlanXML>
            body: {}
            spanId: ""
            timeUnixNano: "1739690452135336000"
            traceId: ""
        scope:
          name: github.com/open-telemetry/opentelemetry-collector-contrib/receiver/sqlserverreceiver
          version: 0.0.1
