<ShowPlanXML xmlns="http://schemas.microsoft.com/sqlserver/2004/07/showplan" Version="1.564" Build="16.0.4150.1">
    <BatchSequence>
        <Batch>
            <Statements>
                <StmtSimple
                        StatementText="SELECT * from table where value = 120"
                        StatementId="1" StatementCompId="1" StatementType="SELECT" RetrievedFromCache="true"
                        StatementSubTreeCost="0.00164412" StatementEstRows="31.6228" SecurityPolicyApplied="false"
                        StatementOptmLevel="FULL" QueryHash="0x52B3B6CEDE6FC57A" QueryPlanHash="0x99E42039E928E3D9"
                        StatementOptmEarlyAbortReason="GoodEnoughPlanFound" CardinalityEstimationModelVersion="160">
                    <StatementSetOptions QUOTED_IDENTIFIER="true" ARITHABORT="false" CONCAT_NULL_YIELDS_NULL="true"
                                         ANSI_NULLS="true" ANSI_PADDING="true" ANSI_WARNINGS="true"
                                         NUMERIC_ROUNDABORT="false"/>
                    <QueryPlan CachedPlanSize="32" CompileTime="7" CompileCPU="7" CompileMemory="288">
                        <MemoryGrantInfo SerialRequiredMemory="0" SerialDesiredMemory="0" GrantedMemory="0"
                                         MaxUsedMemory="0"/>
                        <OptimizerHardwareDependentProperties EstimatedAvailableMemoryGrant="162534"
                                                              EstimatedPagesCached="40633"
                                                              EstimatedAvailableDegreeOfParallelism="2"
                                                              MaxCompileMemory="3123128"/>
                        <RelOp NodeId="0" PhysicalOp="Nested Loops" LogicalOp="Inner Join" EstimateRows="31.6228"
                               EstimateIO="0" EstimateCPU="0.000132183" AvgRowSize="4035"
                               EstimatedTotalSubtreeCost="0.00164412" Parallel="0" EstimateRebinds="0"
                               EstimateRewinds="0" EstimatedExecutionMode="Row">
                            <OutputList>
                                <ColumnReference Table="[DM_XE_SESSION_TARGETS]" Column="target_data"/>
                            </OutputList>
                            <NestedLoops Optimized="0">
                                <OuterReferences>
                                    <ColumnReference Table="[DM_XE_SESSION_TARGETS]" Column="event_session_address"/>
                                </OuterReferences>
                                <RelOp NodeId="1" PhysicalOp="Filter" LogicalOp="Filter" EstimateRows="31.6228"
                                       EstimateIO="0" EstimateCPU="0.00048" AvgRowSize="4041"
                                       EstimatedTotalSubtreeCost="0.00148016" Parallel="0" EstimateRebinds="0"
                                       EstimateRewinds="0" EstimatedExecutionMode="Row">
                                    <OutputList>
                                        <ColumnReference Table="[DM_XE_SESSION_TARGETS]"
                                                         Column="event_session_address"/>
                                        <ColumnReference Table="[DM_XE_SESSION_TARGETS]" Column="target_data"/>
                                    </OutputList>
                                    <Filter StartupExpression="0">
                                        <RelOp NodeId="2" PhysicalOp="Table-valued function"
                                               LogicalOp="Table-valued function" EstimateRows="1000" EstimateIO="0"
                                               EstimateCPU="0.00100016" AvgRowSize="4299"
                                               EstimatedTotalSubtreeCost="0.00100016" Parallel="0" EstimateRebinds="0"
                                               EstimateRewinds="0" EstimatedExecutionMode="Row">
                                            <OutputList>
                                                <ColumnReference Table="[DM_XE_SESSION_TARGETS]"
                                                                 Column="event_session_address"/>
                                                <ColumnReference Table="[DM_XE_SESSION_TARGETS]" Column="target_name"/>
                                                <ColumnReference Table="[DM_XE_SESSION_TARGETS]" Column="target_data"/>
                                            </OutputList>
                                            <TableValuedFunction>
                                                <DefinedValues>
                                                    <DefinedValue>
                                                        <ColumnReference Table="[DM_XE_SESSION_TARGETS]"
                                                                         Column="event_session_address"/>
                                                    </DefinedValue>
                                                    <DefinedValue>
                                                        <ColumnReference Table="[DM_XE_SESSION_TARGETS]"
                                                                         Column="target_name"/>
                                                    </DefinedValue>
                                                    <DefinedValue>
                                                        <ColumnReference Table="[DM_XE_SESSION_TARGETS]"
                                                                         Column="target_data"/>
                                                    </DefinedValue>
                                                </DefinedValues>
                                                <Object Table="[DM_XE_SESSION_TARGETS]"/>
                                                <ParameterList>
                                                    <ScalarOperator ScalarString="(0)">
                                                        <Const ConstValue="(0)"/>
                                                    </ScalarOperator>
                                                    <ScalarOperator ScalarString="(0)">
                                                        <Const ConstValue="(0)"/>
                                                    </ScalarOperator>
                                                    <ScalarOperator ScalarString="NULL">
                                                        <Const ConstValue="NULL"/>
                                                    </ScalarOperator>
                                                </ParameterList>
                                            </TableValuedFunction>
                                        </RelOp>
                                        <Predicate>
                                            <ScalarOperator
                                                    ScalarString="DM_XE_SESSION_TARGETS.[target_name]=N'ring_buffer'">
                                                <Compare CompareOp="EQ">
                                                    <ScalarOperator>
                                                        <Identifier>
                                                            <ColumnReference Table="[DM_XE_SESSION_TARGETS]"
                                                                             Column="target_name"/>
                                                        </Identifier>
                                                    </ScalarOperator>
                                                    <ScalarOperator>
                                                        <Const ConstValue="N'ring_buffer'"/>
                                                    </ScalarOperator>
                                                </Compare>
                                            </ScalarOperator>
                                        </Predicate>
                                    </Filter>
                                </RelOp>
                                <RelOp NodeId="3" PhysicalOp="Table-valued function" LogicalOp="Table-valued function"
                                       EstimateRows="1" EstimateIO="0" EstimateCPU="1.157e-06" AvgRowSize="9"
                                       EstimatedTotalSubtreeCost="3.17798e-05" Parallel="0" EstimateRebinds="25.9994"
                                       EstimateRewinds="4.62341" EstimatedExecutionMode="Row">
                                    <OutputList/>
                                    <TableValuedFunction>
                                        <DefinedValues/>
                                        <Object Table="[DM_XE_SESSIONS]"/>
                                        <ParameterList>
                                            <ScalarOperator ScalarString="(0)">
                                                <Const ConstValue="(0)"/>
                                            </ScalarOperator>
                                            <ScalarOperator ScalarString="(1)">
                                                <Const ConstValue="(1)"/>
                                            </ScalarOperator>
                                            <ScalarOperator
                                                    ScalarString="DM_XE_SESSION_TARGETS.[event_session_address]">
                                                <Identifier>
                                                    <ColumnReference Table="[DM_XE_SESSION_TARGETS]"
                                                                     Column="event_session_address"/>
                                                </Identifier>
                                            </ScalarOperator>
                                            <ScalarOperator ScalarString="(1)">
                                                <Const ConstValue="(1)"/>
                                            </ScalarOperator>
                                            <ScalarOperator ScalarString="N'telemetry_xevents'">
                                                <Const ConstValue="N'telemetry_xevents'"/>
                                            </ScalarOperator>
                                        </ParameterList>
                                    </TableValuedFunction>
                                </RelOp>
                            </NestedLoops>
                        </RelOp>
                    </QueryPlan>
                </StmtSimple>
            </Statements>
        </Batch>
    </BatchSequence>
</ShowPlanXML>
